[5.017s] DEBUG:colcon:Command line arguments: ['/usr/bin/colcon', 'build', '--cmake-args', '-DCMAKE_BUILD_TYPE=Release']
[5.017s] DEBUG:colcon:Parsed command line arguments: Namespace(allow_overriding=[], ament_cmake_args=None, base_paths=['.'], build_base='build', catkin_cmake_args=None, catkin_skip_building_tests=False, cmake_args=['-DCMAKE_BUILD_TYPE=Release'], cmake_clean_cache=False, cmake_clean_first=False, cmake_force_configure=False, cmake_target=None, cmake_target_skip_unavailable=False, continue_on_error=False, event_handlers=None, executor='parallel', ignore_user_meta=False, install_base='install', log_base=None, log_level=None, main=<bound method BuildVerb.main of <colcon_core.verb.build.BuildVerb object at 0x7fd4e36c4580>>, merge_install=False, metas=['./colcon.meta'], packages_above=None, packages_above_and_dependencies=None, packages_above_depth=None, packages_end=None, packages_ignore=None, packages_ignore_regex=None, packages_select=None, packages_select_build_failed=False, packages_select_by_dep=None, packages_select_regex=None, packages_select_test_failures=False, packages_skip=None, packages_skip_build_finished=False, packages_skip_by_dep=None, packages_skip_regex=None, packages_skip_test_passed=False, packages_skip_up_to=None, packages_start=None, packages_up_to=None, packages_up_to_regex=None, parallel_workers=12, paths=None, symlink_install=False, test_result_base=None, verb_extension=<colcon_core.verb.build.BuildVerb object at 0x7fd4e36c4580>, verb_name='build', verb_parser=<colcon_defaults.argument_parser.defaults.DefaultArgumentsDecorator object at 0x7fd4e36c4fd0>)
[5.226s] Level 1:colcon.colcon_core.package_discovery:discover_packages(colcon_meta) check parameters
[5.227s] Level 1:colcon.colcon_core.package_discovery:discover_packages(recursive) check parameters
[5.227s] Level 1:colcon.colcon_core.package_discovery:discover_packages(ignore) check parameters
[5.227s] Level 1:colcon.colcon_core.package_discovery:discover_packages(path) check parameters
[5.227s] Level 1:colcon.colcon_core.package_discovery:discover_packages(colcon_meta) discover
[5.227s] Level 1:colcon.colcon_core.package_discovery:discover_packages(recursive) discover
[5.227s] INFO:colcon.colcon_core.package_discovery:Crawling recursively for packages in '/home/jkang/vo_ws/Decentralized_EKF_MHE'
[5.227s] Level 1:colcon.colcon_core.package_identification:_identify(.) by extensions ['ignore', 'ignore_ament_install']
[5.227s] Level 1:colcon.colcon_core.package_identification:_identify(.) by extension 'ignore'
[5.227s] Level 1:colcon.colcon_core.package_identification:_identify(.) by extension 'ignore_ament_install'
[5.227s] Level 1:colcon.colcon_core.package_identification:_identify(.) by extensions ['colcon_pkg']
[5.227s] Level 1:colcon.colcon_core.package_identification:_identify(.) by extension 'colcon_pkg'
[5.228s] Level 1:colcon.colcon_core.package_identification:_identify(.) by extensions ['colcon_meta']
[5.228s] Level 1:colcon.colcon_core.package_identification:_identify(.) by extension 'colcon_meta'
[5.228s] Level 1:colcon.colcon_core.package_identification:_identify(.) by extensions ['ros']
[5.228s] Level 1:colcon.colcon_core.package_identification:_identify(.) by extension 'ros'
[5.244s] Level 1:colcon.colcon_core.package_identification:_identify(.) by extensions ['cmake', 'python']
[5.244s] Level 1:colcon.colcon_core.package_identification:_identify(.) by extension 'cmake'
[5.244s] Level 1:colcon.colcon_core.package_identification:_identify(.) by extension 'python'
[5.244s] Level 1:colcon.colcon_core.package_identification:_identify(.) by extensions ['python_setup_py']
[5.244s] Level 1:colcon.colcon_core.package_identification:_identify(.) by extension 'python_setup_py'
[5.244s] Level 1:colcon.colcon_core.package_identification:_identify(build) by extensions ['ignore', 'ignore_ament_install']
[5.244s] Level 1:colcon.colcon_core.package_identification:_identify(build) by extension 'ignore'
[5.244s] Level 1:colcon.colcon_core.package_identification:_identify(build) ignored
[5.244s] Level 1:colcon.colcon_core.package_identification:_identify(install) by extensions ['ignore', 'ignore_ament_install']
[5.245s] Level 1:colcon.colcon_core.package_identification:_identify(install) by extension 'ignore'
[5.245s] Level 1:colcon.colcon_core.package_identification:_identify(install) ignored
[5.245s] Level 1:colcon.colcon_core.package_identification:_identify(log) by extensions ['ignore', 'ignore_ament_install']
[5.245s] Level 1:colcon.colcon_core.package_identification:_identify(log) by extension 'ignore'
[5.245s] Level 1:colcon.colcon_core.package_identification:_identify(log) ignored
[5.245s] Level 1:colcon.colcon_core.package_identification:_identify(src) by extensions ['ignore', 'ignore_ament_install']
[5.245s] Level 1:colcon.colcon_core.package_identification:_identify(src) by extension 'ignore'
[5.245s] Level 1:colcon.colcon_core.package_identification:_identify(src) by extension 'ignore_ament_install'
[5.245s] Level 1:colcon.colcon_core.package_identification:_identify(src) by extensions ['colcon_pkg']
[5.245s] Level 1:colcon.colcon_core.package_identification:_identify(src) by extension 'colcon_pkg'
[5.246s] Level 1:colcon.colcon_core.package_identification:_identify(src) by extensions ['colcon_meta']
[5.246s] Level 1:colcon.colcon_core.package_identification:_identify(src) by extension 'colcon_meta'
[5.246s] Level 1:colcon.colcon_core.package_identification:_identify(src) by extensions ['ros']
[5.246s] Level 1:colcon.colcon_core.package_identification:_identify(src) by extension 'ros'
[5.246s] Level 1:colcon.colcon_core.package_identification:_identify(src) by extensions ['cmake', 'python']
[5.246s] Level 1:colcon.colcon_core.package_identification:_identify(src) by extension 'cmake'
[5.246s] Level 1:colcon.colcon_core.package_identification:_identify(src) by extension 'python'
[5.246s] Level 1:colcon.colcon_core.package_identification:_identify(src) by extensions ['python_setup_py']
[5.246s] Level 1:colcon.colcon_core.package_identification:_identify(src) by extension 'python_setup_py'
[5.246s] Level 1:colcon.colcon_core.package_identification:_identify(src/cassie_exp) by extensions ['ignore', 'ignore_ament_install']
[5.246s] Level 1:colcon.colcon_core.package_identification:_identify(src/cassie_exp) by extension 'ignore'
[5.246s] Level 1:colcon.colcon_core.package_identification:_identify(src/cassie_exp) by extension 'ignore_ament_install'
[5.247s] Level 1:colcon.colcon_core.package_identification:_identify(src/cassie_exp) by extensions ['colcon_pkg']
[5.247s] Level 1:colcon.colcon_core.package_identification:_identify(src/cassie_exp) by extension 'colcon_pkg'
[5.247s] Level 1:colcon.colcon_core.package_identification:_identify(src/cassie_exp) by extensions ['colcon_meta']
[5.247s] Level 1:colcon.colcon_core.package_identification:_identify(src/cassie_exp) by extension 'colcon_meta'
[5.247s] Level 1:colcon.colcon_core.package_identification:_identify(src/cassie_exp) by extensions ['ros']
[5.247s] Level 1:colcon.colcon_core.package_identification:_identify(src/cassie_exp) by extension 'ros'
[5.251s] DEBUG:colcon.colcon_core.package_identification:Package 'src/cassie_exp' with type 'ros.ament_cmake' and name 'cassie_exp'
[5.251s] Level 1:colcon.colcon_core.package_discovery:discover_packages(recursive) using defaults
[5.251s] Level 1:colcon.colcon_core.package_discovery:discover_packages(ignore) discover
[5.251s] Level 1:colcon.colcon_core.package_discovery:discover_packages(ignore) using defaults
[5.252s] Level 1:colcon.colcon_core.package_discovery:discover_packages(path) discover
[5.252s] Level 1:colcon.colcon_core.package_discovery:discover_packages(path) using defaults
[5.744s] Level 1:colcon.colcon_core.package_discovery:discover_packages(prefix_path) check parameters
[5.745s] Level 1:colcon.colcon_core.package_discovery:discover_packages(prefix_path) discover
[5.937s] DEBUG:colcon.colcon_installed_package_information.package_discovery:Found 1 installed packages in /home/jkang/vo_ws/Decentralized_EKF_MHE/install
[6.032s] DEBUG:colcon.colcon_installed_package_information.package_discovery:Found 12 installed packages in /home/jkang/vo_ws/mhe_vio/install
[6.115s] DEBUG:colcon.colcon_installed_package_information.package_discovery:Found 294 installed packages in /opt/ros/galactic
[6.117s] Level 1:colcon.colcon_core.package_discovery:discover_packages(prefix_path) using defaults
[6.438s] Level 5:colcon.colcon_core.verb:set package 'cassie_exp' build argument 'cmake_args' from command line to '['-DCMAKE_BUILD_TYPE=Release']'
[6.438s] Level 5:colcon.colcon_core.verb:set package 'cassie_exp' build argument 'cmake_target' from command line to 'None'
[6.438s] Level 5:colcon.colcon_core.verb:set package 'cassie_exp' build argument 'cmake_target_skip_unavailable' from command line to 'False'
[6.438s] Level 5:colcon.colcon_core.verb:set package 'cassie_exp' build argument 'cmake_clean_cache' from command line to 'False'
[6.438s] Level 5:colcon.colcon_core.verb:set package 'cassie_exp' build argument 'cmake_clean_first' from command line to 'False'
[6.438s] Level 5:colcon.colcon_core.verb:set package 'cassie_exp' build argument 'cmake_force_configure' from command line to 'False'
[6.438s] Level 5:colcon.colcon_core.verb:set package 'cassie_exp' build argument 'ament_cmake_args' from command line to 'None'
[6.438s] Level 5:colcon.colcon_core.verb:set package 'cassie_exp' build argument 'catkin_cmake_args' from command line to 'None'
[6.438s] Level 5:colcon.colcon_core.verb:set package 'cassie_exp' build argument 'catkin_skip_building_tests' from command line to 'False'
[6.438s] DEBUG:colcon.colcon_core.verb:Building package 'cassie_exp' with the following arguments: {'ament_cmake_args': None, 'build_base': '/home/jkang/vo_ws/Decentralized_EKF_MHE/build/cassie_exp', 'catkin_cmake_args': None, 'catkin_skip_building_tests': False, 'cmake_args': ['-DCMAKE_BUILD_TYPE=Release'], 'cmake_clean_cache': False, 'cmake_clean_first': False, 'cmake_force_configure': False, 'cmake_target': None, 'cmake_target_skip_unavailable': False, 'install_base': '/home/jkang/vo_ws/Decentralized_EKF_MHE/install/cassie_exp', 'merge_install': False, 'path': '/home/jkang/vo_ws/Decentralized_EKF_MHE/src/cassie_exp', 'symlink_install': False, 'test_result_base': None}
[6.518s] INFO:colcon.colcon_core.executor:Executing jobs using 'parallel' executor
[6.604s] DEBUG:colcon.colcon_parallel_executor.executor.parallel:run_until_complete
[6.605s] INFO:colcon.colcon_ros.task.ament_cmake.build:Building ROS package in '/home/jkang/vo_ws/Decentralized_EKF_MHE/src/cassie_exp' with build type 'ament_cmake'
[6.605s] INFO:colcon.colcon_cmake.task.cmake.build:Building CMake package in '/home/jkang/vo_ws/Decentralized_EKF_MHE/src/cassie_exp'
[6.708s] INFO:colcon.colcon_core.plugin_system:Skipping extension 'colcon_core.shell.bat': Not used on non-Windows systems
[6.708s] INFO:colcon.colcon_core.shell:Skip shell extension 'powershell' for command environment: Not usable outside of PowerShell
[6.709s] DEBUG:colcon.colcon_core.shell:Skip shell extension 'dsv' for command environment
[7.092s] DEBUG:colcon.colcon_core.event_handler.log_command:Invoking command in '/home/jkang/vo_ws/Decentralized_EKF_MHE/build/cassie_exp': CMAKE_PREFIX_PATH=${CMAKE_PREFIX_PATH}:/home/jkang/vo_ws/mhe_vio/install/image_read:/opt/ros/galactic /home/jkang/cmake-install/bin/cmake --build /home/jkang/vo_ws/Decentralized_EKF_MHE/build/cassie_exp -- -j12 -l12
[21.547s] DEBUG:colcon.colcon_core.event_handler.log_command:Invoked command in '/home/jkang/vo_ws/Decentralized_EKF_MHE/build/cassie_exp' returned '0': CMAKE_PREFIX_PATH=${CMAKE_PREFIX_PATH}:/home/jkang/vo_ws/mhe_vio/install/image_read:/opt/ros/galactic /home/jkang/cmake-install/bin/cmake --build /home/jkang/vo_ws/Decentralized_EKF_MHE/build/cassie_exp -- -j12 -l12
[21.600s] DEBUG:colcon.colcon_core.event_handler.log_command:Invoking command in '/home/jkang/vo_ws/Decentralized_EKF_MHE/build/cassie_exp': CMAKE_PREFIX_PATH=${CMAKE_PREFIX_PATH}:/home/jkang/vo_ws/mhe_vio/install/image_read:/opt/ros/galactic /home/jkang/cmake-install/bin/cmake --install /home/jkang/vo_ws/Decentralized_EKF_MHE/build/cassie_exp
[21.611s] Level 1:colcon.colcon_core.environment:create_environment_scripts_only(cassie_exp)
[21.612s] DEBUG:colcon.colcon_core.event_handler.log_command:Invoked command in '/home/jkang/vo_ws/Decentralized_EKF_MHE/build/cassie_exp' returned '0': CMAKE_PREFIX_PATH=${CMAKE_PREFIX_PATH}:/home/jkang/vo_ws/mhe_vio/install/image_read:/opt/ros/galactic /home/jkang/cmake-install/bin/cmake --install /home/jkang/vo_ws/Decentralized_EKF_MHE/build/cassie_exp
[21.715s] Level 1:colcon.colcon_core.environment:checking '/home/jkang/vo_ws/Decentralized_EKF_MHE/install/cassie_exp' for CMake module files
[21.715s] Level 1:colcon.colcon_core.environment:checking '/home/jkang/vo_ws/Decentralized_EKF_MHE/install/cassie_exp' for CMake config files
[21.716s] Level 1:colcon.colcon_core.shell:create_environment_hook('cassie_exp', 'cmake_prefix_path')
[21.817s] INFO:colcon.colcon_core.shell:Creating environment hook '/home/jkang/vo_ws/Decentralized_EKF_MHE/install/cassie_exp/share/cassie_exp/hook/cmake_prefix_path.ps1'
[21.819s] INFO:colcon.colcon_core.shell:Creating environment descriptor '/home/jkang/vo_ws/Decentralized_EKF_MHE/install/cassie_exp/share/cassie_exp/hook/cmake_prefix_path.dsv'
[21.819s] INFO:colcon.colcon_core.shell:Creating environment hook '/home/jkang/vo_ws/Decentralized_EKF_MHE/install/cassie_exp/share/cassie_exp/hook/cmake_prefix_path.sh'
[21.821s] Level 1:colcon.colcon_core.environment:checking '/home/jkang/vo_ws/Decentralized_EKF_MHE/install/cassie_exp/lib'
[21.821s] Level 1:colcon.colcon_core.environment:checking '/home/jkang/vo_ws/Decentralized_EKF_MHE/install/cassie_exp/bin'
[21.821s] Level 1:colcon.colcon_core.environment:checking '/home/jkang/vo_ws/Decentralized_EKF_MHE/install/cassie_exp/lib/pkgconfig/cassie_exp.pc'
[21.821s] Level 1:colcon.colcon_core.environment:checking '/home/jkang/vo_ws/Decentralized_EKF_MHE/install/cassie_exp/lib/python3.8/site-packages'
[21.822s] Level 1:colcon.colcon_core.environment:checking '/home/jkang/vo_ws/Decentralized_EKF_MHE/install/cassie_exp/bin'
[21.908s] INFO:colcon.colcon_core.shell:Creating package script '/home/jkang/vo_ws/Decentralized_EKF_MHE/install/cassie_exp/share/cassie_exp/package.ps1'
[21.909s] INFO:colcon.colcon_core.shell:Creating package descriptor '/home/jkang/vo_ws/Decentralized_EKF_MHE/install/cassie_exp/share/cassie_exp/package.dsv'
[21.910s] INFO:colcon.colcon_core.shell:Creating package script '/home/jkang/vo_ws/Decentralized_EKF_MHE/install/cassie_exp/share/cassie_exp/package.sh'
[21.911s] INFO:colcon.colcon_core.shell:Creating package script '/home/jkang/vo_ws/Decentralized_EKF_MHE/install/cassie_exp/share/cassie_exp/package.bash'
[21.912s] INFO:colcon.colcon_core.shell:Creating package script '/home/jkang/vo_ws/Decentralized_EKF_MHE/install/cassie_exp/share/cassie_exp/package.zsh'
[21.913s] Level 1:colcon.colcon_core.environment:create_file_with_runtime_dependencies(/home/jkang/vo_ws/Decentralized_EKF_MHE/install/cassie_exp/share/colcon-core/packages/cassie_exp)
[22.049s] Level 1:colcon.colcon_core.environment:create_environment_scripts_only(cassie_exp)
[22.118s] Level 1:colcon.colcon_core.environment:checking '/home/jkang/vo_ws/Decentralized_EKF_MHE/install/cassie_exp' for CMake module files
[22.118s] Level 1:colcon.colcon_core.environment:checking '/home/jkang/vo_ws/Decentralized_EKF_MHE/install/cassie_exp' for CMake config files
[22.118s] Level 1:colcon.colcon_core.shell:create_environment_hook('cassie_exp', 'cmake_prefix_path')
[22.209s] INFO:colcon.colcon_core.shell:Creating environment hook '/home/jkang/vo_ws/Decentralized_EKF_MHE/install/cassie_exp/share/cassie_exp/hook/cmake_prefix_path.ps1'
[22.210s] INFO:colcon.colcon_core.shell:Creating environment descriptor '/home/jkang/vo_ws/Decentralized_EKF_MHE/install/cassie_exp/share/cassie_exp/hook/cmake_prefix_path.dsv'
[22.210s] INFO:colcon.colcon_core.shell:Creating environment hook '/home/jkang/vo_ws/Decentralized_EKF_MHE/install/cassie_exp/share/cassie_exp/hook/cmake_prefix_path.sh'
[22.211s] Level 1:colcon.colcon_core.environment:checking '/home/jkang/vo_ws/Decentralized_EKF_MHE/install/cassie_exp/lib'
[22.211s] Level 1:colcon.colcon_core.environment:checking '/home/jkang/vo_ws/Decentralized_EKF_MHE/install/cassie_exp/bin'
[22.211s] Level 1:colcon.colcon_core.environment:checking '/home/jkang/vo_ws/Decentralized_EKF_MHE/install/cassie_exp/lib/pkgconfig/cassie_exp.pc'
[22.211s] Level 1:colcon.colcon_core.environment:checking '/home/jkang/vo_ws/Decentralized_EKF_MHE/install/cassie_exp/lib/python3.8/site-packages'
[22.212s] Level 1:colcon.colcon_core.environment:checking '/home/jkang/vo_ws/Decentralized_EKF_MHE/install/cassie_exp/bin'
[22.301s] INFO:colcon.colcon_core.shell:Creating package script '/home/jkang/vo_ws/Decentralized_EKF_MHE/install/cassie_exp/share/cassie_exp/package.ps1'
[22.302s] INFO:colcon.colcon_core.shell:Creating package descriptor '/home/jkang/vo_ws/Decentralized_EKF_MHE/install/cassie_exp/share/cassie_exp/package.dsv'
[22.302s] INFO:colcon.colcon_core.shell:Creating package script '/home/jkang/vo_ws/Decentralized_EKF_MHE/install/cassie_exp/share/cassie_exp/package.sh'
[22.303s] INFO:colcon.colcon_core.shell:Creating package script '/home/jkang/vo_ws/Decentralized_EKF_MHE/install/cassie_exp/share/cassie_exp/package.bash'
[22.303s] INFO:colcon.colcon_core.shell:Creating package script '/home/jkang/vo_ws/Decentralized_EKF_MHE/install/cassie_exp/share/cassie_exp/package.zsh'
[22.304s] Level 1:colcon.colcon_core.environment:create_file_with_runtime_dependencies(/home/jkang/vo_ws/Decentralized_EKF_MHE/install/cassie_exp/share/colcon-core/packages/cassie_exp)
[22.304s] DEBUG:colcon.colcon_parallel_executor.executor.parallel:closing loop
[22.305s] DEBUG:colcon.colcon_parallel_executor.executor.parallel:loop closed
[22.305s] DEBUG:colcon.colcon_parallel_executor.executor.parallel:run_until_complete finished with '0'
[22.305s] DEBUG:colcon.colcon_core.event_reactor:joining thread
[22.411s] INFO:colcon.colcon_core.plugin_system:Skipping extension 'colcon_notification.desktop_notification.terminal_notifier': Not used on non-Darwin systems
[22.411s] INFO:colcon.colcon_core.plugin_system:Skipping extension 'colcon_notification.desktop_notification.win32': Not used on non-Windows systems
[22.411s] INFO:colcon.colcon_notification.desktop_notification:Sending desktop notification using 'notify2'
[22.439s] DEBUG:colcon.colcon_core.event_reactor:joined thread
[22.548s] INFO:colcon.colcon_core.shell:Creating prefix script '/home/jkang/vo_ws/Decentralized_EKF_MHE/install/local_setup.ps1'
[22.550s] INFO:colcon.colcon_core.shell:Creating prefix util module '/home/jkang/vo_ws/Decentralized_EKF_MHE/install/_local_setup_util_ps1.py'
[22.552s] INFO:colcon.colcon_core.shell:Creating prefix chain script '/home/jkang/vo_ws/Decentralized_EKF_MHE/install/setup.ps1'
[22.644s] INFO:colcon.colcon_core.shell:Creating prefix script '/home/jkang/vo_ws/Decentralized_EKF_MHE/install/local_setup.sh'
[22.645s] INFO:colcon.colcon_core.shell:Creating prefix util module '/home/jkang/vo_ws/Decentralized_EKF_MHE/install/_local_setup_util_sh.py'
[22.646s] INFO:colcon.colcon_core.shell:Creating prefix chain script '/home/jkang/vo_ws/Decentralized_EKF_MHE/install/setup.sh'
[22.732s] INFO:colcon.colcon_core.shell:Creating prefix script '/home/jkang/vo_ws/Decentralized_EKF_MHE/install/local_setup.bash'
[22.732s] INFO:colcon.colcon_core.shell:Creating prefix chain script '/home/jkang/vo_ws/Decentralized_EKF_MHE/install/setup.bash'
[22.818s] INFO:colcon.colcon_core.shell:Creating prefix script '/home/jkang/vo_ws/Decentralized_EKF_MHE/install/local_setup.zsh'
[22.818s] INFO:colcon.colcon_core.shell:Creating prefix chain script '/home/jkang/vo_ws/Decentralized_EKF_MHE/install/setup.zsh'
