[ 25%] Built target MheSrb
[ 50%] Built target DecentralEst
[ 62%] [32mBuilding CXX object CMakeFiles/EstSub.dir/src/EstSub.cpp.o[0m
[ 75%] [32m[1mLinking CXX static library libEstSub.a[0m
[ 75%] Built target EstSub
[ 87%] [32m[1mLinking CXX executable sub[0m
[100%] Built target sub
-- Install configuration: "Release"
-- Up-to-date: /home/jkang/vo_ws/Decentralized_EKF_MHE/install/cassie_exp/include
-- Up-to-date: /home/jkang/vo_ws/Decentralized_EKF_MHE/install/cassie_exp/include/DecentralEst.hpp
-- Up-to-date: /home/jkang/vo_ws/Decentralized_EKF_MHE/install/cassie_exp/include/data_logger.hpp
-- Up-to-date: /home/jkang/vo_ws/Decentralized_EKF_MHE/install/cassie_exp/include/MheSrb.hpp
-- Up-to-date: /home/jkang/vo_ws/Decentralized_EKF_MHE/install/cassie_exp/include/EigenUtils.hpp
-- Up-to-date: /home/jkang/vo_ws/Decentralized_EKF_MHE/install/cassie_exp/include/EstSub.hpp
-- Installing: /home/jkang/vo_ws/Decentralized_EKF_MHE/install/cassie_exp/lib/cassie_exp/sub
-- Set non-toolchain portion of runtime path of "/home/jkang/vo_ws/Decentralized_EKF_MHE/install/cassie_exp/lib/cassie_exp/sub" to ""
-- Up-to-date: /home/jkang/vo_ws/Decentralized_EKF_MHE/install/cassie_exp/share/ament_index/resource_index/package_run_dependencies/cassie_exp
-- Up-to-date: /home/jkang/vo_ws/Decentralized_EKF_MHE/install/cassie_exp/share/ament_index/resource_index/parent_prefix_path/cassie_exp
-- Up-to-date: /home/jkang/vo_ws/Decentralized_EKF_MHE/install/cassie_exp/share/cassie_exp/environment/ament_prefix_path.sh
-- Up-to-date: /home/jkang/vo_ws/Decentralized_EKF_MHE/install/cassie_exp/share/cassie_exp/environment/ament_prefix_path.dsv
-- Up-to-date: /home/jkang/vo_ws/Decentralized_EKF_MHE/install/cassie_exp/share/cassie_exp/environment/path.sh
-- Up-to-date: /home/jkang/vo_ws/Decentralized_EKF_MHE/install/cassie_exp/share/cassie_exp/environment/path.dsv
-- Up-to-date: /home/jkang/vo_ws/Decentralized_EKF_MHE/install/cassie_exp/share/cassie_exp/local_setup.bash
-- Up-to-date: /home/jkang/vo_ws/Decentralized_EKF_MHE/install/cassie_exp/share/cassie_exp/local_setup.sh
-- Up-to-date: /home/jkang/vo_ws/Decentralized_EKF_MHE/install/cassie_exp/share/cassie_exp/local_setup.zsh
-- Up-to-date: /home/jkang/vo_ws/Decentralized_EKF_MHE/install/cassie_exp/share/cassie_exp/local_setup.dsv
-- Installing: /home/jkang/vo_ws/Decentralized_EKF_MHE/install/cassie_exp/share/cassie_exp/package.dsv
-- Up-to-date: /home/jkang/vo_ws/Decentralized_EKF_MHE/install/cassie_exp/share/ament_index/resource_index/packages/cassie_exp
-- Up-to-date: /home/jkang/vo_ws/Decentralized_EKF_MHE/install/cassie_exp/share/cassie_exp/cmake/cassie_expConfig.cmake
-- Up-to-date: /home/jkang/vo_ws/Decentralized_EKF_MHE/install/cassie_exp/share/cassie_exp/cmake/cassie_expConfig-version.cmake
-- Up-to-date: /home/jkang/vo_ws/Decentralized_EKF_MHE/install/cassie_exp/share/cassie_exp/package.xml
