[0.415s] Invoking command in '/home/jkang/vo_ws/Decentralized_EKF_MHE/build/cassie_exp': CMAKE_PREFIX_PATH=${CMAKE_PREFIX_PATH}:/home/jkang/vo_ws/mhe_vio/install/image_read:/opt/ros/galactic /home/jkang/cmake-install/bin/cmake --build /home/jkang/vo_ws/Decentralized_EKF_MHE/build/cassie_exp -- -j12 -l12
[0.457s] [ 25%] Built target MheSrb
[0.476s] [ 50%] Built target DecentralEst
[0.521s] [ 62%] [32mBuilding CXX object CMakeFiles/EstSub.dir/src/EstSub.cpp.o[0m
[14.568s] [ 75%] [32m[1mLinking CXX static library libEstSub.a[0m
[14.590s] [ 75%] Built target EstSub
[14.616s] [ 87%] [32m[1mLinking CXX executable sub[0m
[14.772s] [100%] Built target sub
[14.787s] Invoked command in '/home/jkang/vo_ws/Decentralized_EKF_MHE/build/cassie_exp' returned '0': CMAKE_PREFIX_PATH=${CMAKE_PREFIX_PATH}:/home/jkang/vo_ws/mhe_vio/install/image_read:/opt/ros/galactic /home/jkang/cmake-install/bin/cmake --build /home/jkang/vo_ws/Decentralized_EKF_MHE/build/cassie_exp -- -j12 -l12
[14.886s] Invoking command in '/home/jkang/vo_ws/Decentralized_EKF_MHE/build/cassie_exp': CMAKE_PREFIX_PATH=${CMAKE_PREFIX_PATH}:/home/jkang/vo_ws/mhe_vio/install/image_read:/opt/ros/galactic /home/jkang/cmake-install/bin/cmake --install /home/jkang/vo_ws/Decentralized_EKF_MHE/build/cassie_exp
[14.901s] -- Install configuration: "Release"
[14.902s] -- Up-to-date: /home/jkang/vo_ws/Decentralized_EKF_MHE/install/cassie_exp/include
[14.902s] -- Up-to-date: /home/jkang/vo_ws/Decentralized_EKF_MHE/install/cassie_exp/include/DecentralEst.hpp
[14.902s] -- Up-to-date: /home/jkang/vo_ws/Decentralized_EKF_MHE/install/cassie_exp/include/data_logger.hpp
[14.903s] -- Up-to-date: /home/jkang/vo_ws/Decentralized_EKF_MHE/install/cassie_exp/include/MheSrb.hpp
[14.903s] -- Up-to-date: /home/jkang/vo_ws/Decentralized_EKF_MHE/install/cassie_exp/include/EigenUtils.hpp
[14.903s] -- Up-to-date: /home/jkang/vo_ws/Decentralized_EKF_MHE/install/cassie_exp/include/EstSub.hpp
[14.904s] -- Installing: /home/jkang/vo_ws/Decentralized_EKF_MHE/install/cassie_exp/lib/cassie_exp/sub
[14.905s] -- Set non-toolchain portion of runtime path of "/home/jkang/vo_ws/Decentralized_EKF_MHE/install/cassie_exp/lib/cassie_exp/sub" to ""
[14.905s] -- Up-to-date: /home/jkang/vo_ws/Decentralized_EKF_MHE/install/cassie_exp/share/ament_index/resource_index/package_run_dependencies/cassie_exp
[14.906s] -- Up-to-date: /home/jkang/vo_ws/Decentralized_EKF_MHE/install/cassie_exp/share/ament_index/resource_index/parent_prefix_path/cassie_exp
[14.907s] -- Up-to-date: /home/jkang/vo_ws/Decentralized_EKF_MHE/install/cassie_exp/share/cassie_exp/environment/ament_prefix_path.sh
[14.907s] -- Up-to-date: /home/jkang/vo_ws/Decentralized_EKF_MHE/install/cassie_exp/share/cassie_exp/environment/ament_prefix_path.dsv
[14.907s] -- Up-to-date: /home/jkang/vo_ws/Decentralized_EKF_MHE/install/cassie_exp/share/cassie_exp/environment/path.sh
[14.908s] -- Up-to-date: /home/jkang/vo_ws/Decentralized_EKF_MHE/install/cassie_exp/share/cassie_exp/environment/path.dsv
[14.908s] -- Up-to-date: /home/jkang/vo_ws/Decentralized_EKF_MHE/install/cassie_exp/share/cassie_exp/local_setup.bash
[14.908s] -- Up-to-date: /home/jkang/vo_ws/Decentralized_EKF_MHE/install/cassie_exp/share/cassie_exp/local_setup.sh
[14.908s] -- Up-to-date: /home/jkang/vo_ws/Decentralized_EKF_MHE/install/cassie_exp/share/cassie_exp/local_setup.zsh
[14.908s] -- Up-to-date: /home/jkang/vo_ws/Decentralized_EKF_MHE/install/cassie_exp/share/cassie_exp/local_setup.dsv
[14.909s] -- Installing: /home/jkang/vo_ws/Decentralized_EKF_MHE/install/cassie_exp/share/cassie_exp/package.dsv
[14.909s] -- Up-to-date: /home/jkang/vo_ws/Decentralized_EKF_MHE/install/cassie_exp/share/ament_index/resource_index/packages/cassie_exp
[14.909s] -- Up-to-date: /home/jkang/vo_ws/Decentralized_EKF_MHE/install/cassie_exp/share/cassie_exp/cmake/cassie_expConfig.cmake
[14.909s] -- Up-to-date: /home/jkang/vo_ws/Decentralized_EKF_MHE/install/cassie_exp/share/cassie_exp/cmake/cassie_expConfig-version.cmake
[14.909s] -- Up-to-date: /home/jkang/vo_ws/Decentralized_EKF_MHE/install/cassie_exp/share/cassie_exp/package.xml
[14.912s] Invoked command in '/home/jkang/vo_ws/Decentralized_EKF_MHE/build/cassie_exp' returned '0': CMAKE_PREFIX_PATH=${CMAKE_PREFIX_PATH}:/home/jkang/vo_ws/mhe_vio/install/image_read:/opt/ros/galactic /home/jkang/cmake-install/bin/cmake --install /home/jkang/vo_ws/Decentralized_EKF_MHE/build/cassie_exp
