[4.819s] DEBUG:colcon:Command line arguments: ['/usr/bin/colcon', 'build', '--cmake-args', '-DCMAKE_BUILD_TYPE=Release']
[4.819s] DEBUG:colcon:Parsed command line arguments: Namespace(allow_overriding=[], ament_cmake_args=None, base_paths=['.'], build_base='build', catkin_cmake_args=None, catkin_skip_building_tests=False, cmake_args=['-DCMAKE_BUILD_TYPE=Release'], cmake_clean_cache=False, cmake_clean_first=False, cmake_force_configure=False, cmake_target=None, cmake_target_skip_unavailable=False, continue_on_error=False, event_handlers=None, executor='parallel', ignore_user_meta=False, install_base='install', log_base=None, log_level=None, main=<bound method BuildVerb.main of <colcon_core.verb.build.BuildVerb object at 0x7f1c402ffc40>>, merge_install=False, metas=['./colcon.meta'], packages_above=None, packages_above_and_dependencies=None, packages_above_depth=None, packages_end=None, packages_ignore=None, packages_ignore_regex=None, packages_select=None, packages_select_build_failed=False, packages_select_by_dep=None, packages_select_regex=None, packages_select_test_failures=False, packages_skip=None, packages_skip_build_finished=False, packages_skip_by_dep=None, packages_skip_regex=None, packages_skip_test_passed=False, packages_skip_up_to=None, packages_start=None, packages_up_to=None, packages_up_to_regex=None, parallel_workers=12, paths=None, symlink_install=False, test_result_base=None, verb_extension=<colcon_core.verb.build.BuildVerb object at 0x7f1c402ffc40>, verb_name='build', verb_parser=<colcon_defaults.argument_parser.defaults.DefaultArgumentsDecorator object at 0x7f1c3fe83610>)
[5.045s] Level 1:colcon.colcon_core.package_discovery:discover_packages(colcon_meta) check parameters
[5.045s] Level 1:colcon.colcon_core.package_discovery:discover_packages(recursive) check parameters
[5.045s] Level 1:colcon.colcon_core.package_discovery:discover_packages(ignore) check parameters
[5.045s] Level 1:colcon.colcon_core.package_discovery:discover_packages(path) check parameters
[5.045s] Level 1:colcon.colcon_core.package_discovery:discover_packages(colcon_meta) discover
[5.045s] Level 1:colcon.colcon_core.package_discovery:discover_packages(recursive) discover
[5.045s] INFO:colcon.colcon_core.package_discovery:Crawling recursively for packages in '/home/jkang/vo_ws/Decentralized_EKF_MHE'
[5.046s] Level 1:colcon.colcon_core.package_identification:_identify(.) by extensions ['ignore', 'ignore_ament_install']
[5.046s] Level 1:colcon.colcon_core.package_identification:_identify(.) by extension 'ignore'
[5.046s] Level 1:colcon.colcon_core.package_identification:_identify(.) by extension 'ignore_ament_install'
[5.046s] Level 1:colcon.colcon_core.package_identification:_identify(.) by extensions ['colcon_pkg']
[5.046s] Level 1:colcon.colcon_core.package_identification:_identify(.) by extension 'colcon_pkg'
[5.046s] Level 1:colcon.colcon_core.package_identification:_identify(.) by extensions ['colcon_meta']
[5.046s] Level 1:colcon.colcon_core.package_identification:_identify(.) by extension 'colcon_meta'
[5.046s] Level 1:colcon.colcon_core.package_identification:_identify(.) by extensions ['ros']
[5.046s] Level 1:colcon.colcon_core.package_identification:_identify(.) by extension 'ros'
[5.061s] Level 1:colcon.colcon_core.package_identification:_identify(.) by extensions ['cmake', 'python']
[5.061s] Level 1:colcon.colcon_core.package_identification:_identify(.) by extension 'cmake'
[5.061s] Level 1:colcon.colcon_core.package_identification:_identify(.) by extension 'python'
[5.061s] Level 1:colcon.colcon_core.package_identification:_identify(.) by extensions ['python_setup_py']
[5.061s] Level 1:colcon.colcon_core.package_identification:_identify(.) by extension 'python_setup_py'
[5.061s] Level 1:colcon.colcon_core.package_identification:_identify(build) by extensions ['ignore', 'ignore_ament_install']
[5.061s] Level 1:colcon.colcon_core.package_identification:_identify(build) by extension 'ignore'
[5.061s] Level 1:colcon.colcon_core.package_identification:_identify(build) ignored
[5.062s] Level 1:colcon.colcon_core.package_identification:_identify(install) by extensions ['ignore', 'ignore_ament_install']
[5.062s] Level 1:colcon.colcon_core.package_identification:_identify(install) by extension 'ignore'
[5.062s] Level 1:colcon.colcon_core.package_identification:_identify(install) ignored
[5.062s] Level 1:colcon.colcon_core.package_identification:_identify(log) by extensions ['ignore', 'ignore_ament_install']
[5.062s] Level 1:colcon.colcon_core.package_identification:_identify(log) by extension 'ignore'
[5.062s] Level 1:colcon.colcon_core.package_identification:_identify(log) ignored
[5.062s] Level 1:colcon.colcon_core.package_identification:_identify(src) by extensions ['ignore', 'ignore_ament_install']
[5.062s] Level 1:colcon.colcon_core.package_identification:_identify(src) by extension 'ignore'
[5.062s] Level 1:colcon.colcon_core.package_identification:_identify(src) by extension 'ignore_ament_install'
[5.062s] Level 1:colcon.colcon_core.package_identification:_identify(src) by extensions ['colcon_pkg']
[5.063s] Level 1:colcon.colcon_core.package_identification:_identify(src) by extension 'colcon_pkg'
[5.063s] Level 1:colcon.colcon_core.package_identification:_identify(src) by extensions ['colcon_meta']
[5.063s] Level 1:colcon.colcon_core.package_identification:_identify(src) by extension 'colcon_meta'
[5.063s] Level 1:colcon.colcon_core.package_identification:_identify(src) by extensions ['ros']
[5.063s] Level 1:colcon.colcon_core.package_identification:_identify(src) by extension 'ros'
[5.063s] Level 1:colcon.colcon_core.package_identification:_identify(src) by extensions ['cmake', 'python']
[5.063s] Level 1:colcon.colcon_core.package_identification:_identify(src) by extension 'cmake'
[5.063s] Level 1:colcon.colcon_core.package_identification:_identify(src) by extension 'python'
[5.063s] Level 1:colcon.colcon_core.package_identification:_identify(src) by extensions ['python_setup_py']
[5.063s] Level 1:colcon.colcon_core.package_identification:_identify(src) by extension 'python_setup_py'
[5.064s] Level 1:colcon.colcon_core.package_identification:_identify(src/cassie_exp) by extensions ['ignore', 'ignore_ament_install']
[5.064s] Level 1:colcon.colcon_core.package_identification:_identify(src/cassie_exp) by extension 'ignore'
[5.064s] Level 1:colcon.colcon_core.package_identification:_identify(src/cassie_exp) by extension 'ignore_ament_install'
[5.064s] Level 1:colcon.colcon_core.package_identification:_identify(src/cassie_exp) by extensions ['colcon_pkg']
[5.064s] Level 1:colcon.colcon_core.package_identification:_identify(src/cassie_exp) by extension 'colcon_pkg'
[5.064s] Level 1:colcon.colcon_core.package_identification:_identify(src/cassie_exp) by extensions ['colcon_meta']
[5.064s] Level 1:colcon.colcon_core.package_identification:_identify(src/cassie_exp) by extension 'colcon_meta'
[5.064s] Level 1:colcon.colcon_core.package_identification:_identify(src/cassie_exp) by extensions ['ros']
[5.064s] Level 1:colcon.colcon_core.package_identification:_identify(src/cassie_exp) by extension 'ros'
[5.070s] DEBUG:colcon.colcon_core.package_identification:Package 'src/cassie_exp' with type 'ros.ament_cmake' and name 'cassie_exp'
[5.070s] Level 1:colcon.colcon_core.package_discovery:discover_packages(recursive) using defaults
[5.070s] Level 1:colcon.colcon_core.package_discovery:discover_packages(ignore) discover
[5.070s] Level 1:colcon.colcon_core.package_discovery:discover_packages(ignore) using defaults
[5.070s] Level 1:colcon.colcon_core.package_discovery:discover_packages(path) discover
[5.070s] Level 1:colcon.colcon_core.package_discovery:discover_packages(path) using defaults
[5.560s] Level 1:colcon.colcon_core.package_discovery:discover_packages(prefix_path) check parameters
[5.560s] Level 1:colcon.colcon_core.package_discovery:discover_packages(prefix_path) discover
[5.745s] DEBUG:colcon.colcon_installed_package_information.package_discovery:Found 1 installed packages in /home/jkang/vo_ws/Decentralized_EKF_MHE/install
[5.828s] DEBUG:colcon.colcon_installed_package_information.package_discovery:Found 12 installed packages in /home/jkang/vo_ws/mhe_vio/install
[5.910s] DEBUG:colcon.colcon_installed_package_information.package_discovery:Found 294 installed packages in /opt/ros/galactic
[5.912s] Level 1:colcon.colcon_core.package_discovery:discover_packages(prefix_path) using defaults
[6.200s] Level 5:colcon.colcon_core.verb:set package 'cassie_exp' build argument 'cmake_args' from command line to '['-DCMAKE_BUILD_TYPE=Release']'
[6.200s] Level 5:colcon.colcon_core.verb:set package 'cassie_exp' build argument 'cmake_target' from command line to 'None'
[6.200s] Level 5:colcon.colcon_core.verb:set package 'cassie_exp' build argument 'cmake_target_skip_unavailable' from command line to 'False'
[6.200s] Level 5:colcon.colcon_core.verb:set package 'cassie_exp' build argument 'cmake_clean_cache' from command line to 'False'
[6.200s] Level 5:colcon.colcon_core.verb:set package 'cassie_exp' build argument 'cmake_clean_first' from command line to 'False'
[6.200s] Level 5:colcon.colcon_core.verb:set package 'cassie_exp' build argument 'cmake_force_configure' from command line to 'False'
[6.200s] Level 5:colcon.colcon_core.verb:set package 'cassie_exp' build argument 'ament_cmake_args' from command line to 'None'
[6.200s] Level 5:colcon.colcon_core.verb:set package 'cassie_exp' build argument 'catkin_cmake_args' from command line to 'None'
[6.200s] Level 5:colcon.colcon_core.verb:set package 'cassie_exp' build argument 'catkin_skip_building_tests' from command line to 'False'
[6.200s] DEBUG:colcon.colcon_core.verb:Building package 'cassie_exp' with the following arguments: {'ament_cmake_args': None, 'build_base': '/home/jkang/vo_ws/Decentralized_EKF_MHE/build/cassie_exp', 'catkin_cmake_args': None, 'catkin_skip_building_tests': False, 'cmake_args': ['-DCMAKE_BUILD_TYPE=Release'], 'cmake_clean_cache': False, 'cmake_clean_first': False, 'cmake_force_configure': False, 'cmake_target': None, 'cmake_target_skip_unavailable': False, 'install_base': '/home/jkang/vo_ws/Decentralized_EKF_MHE/install/cassie_exp', 'merge_install': False, 'path': '/home/jkang/vo_ws/Decentralized_EKF_MHE/src/cassie_exp', 'symlink_install': False, 'test_result_base': None}
[6.281s] INFO:colcon.colcon_core.executor:Executing jobs using 'parallel' executor
[6.363s] DEBUG:colcon.colcon_parallel_executor.executor.parallel:run_until_complete
[6.363s] INFO:colcon.colcon_ros.task.ament_cmake.build:Building ROS package in '/home/jkang/vo_ws/Decentralized_EKF_MHE/src/cassie_exp' with build type 'ament_cmake'
[6.364s] INFO:colcon.colcon_cmake.task.cmake.build:Building CMake package in '/home/jkang/vo_ws/Decentralized_EKF_MHE/src/cassie_exp'
[6.451s] INFO:colcon.colcon_core.plugin_system:Skipping extension 'colcon_core.shell.bat': Not used on non-Windows systems
[6.452s] INFO:colcon.colcon_core.shell:Skip shell extension 'powershell' for command environment: Not usable outside of PowerShell
[6.452s] DEBUG:colcon.colcon_core.shell:Skip shell extension 'dsv' for command environment
[6.780s] DEBUG:colcon.colcon_core.event_handler.log_command:Invoking command in '/home/jkang/vo_ws/Decentralized_EKF_MHE/build/cassie_exp': CMAKE_PREFIX_PATH=${CMAKE_PREFIX_PATH}:/home/jkang/vo_ws/mhe_vio/install/image_read:/opt/ros/galactic /home/jkang/cmake-install/bin/cmake --build /home/jkang/vo_ws/Decentralized_EKF_MHE/build/cassie_exp -- -j12 -l12
[21.152s] DEBUG:colcon.colcon_core.event_handler.log_command:Invoked command in '/home/jkang/vo_ws/Decentralized_EKF_MHE/build/cassie_exp' returned '0': CMAKE_PREFIX_PATH=${CMAKE_PREFIX_PATH}:/home/jkang/vo_ws/mhe_vio/install/image_read:/opt/ros/galactic /home/jkang/cmake-install/bin/cmake --build /home/jkang/vo_ws/Decentralized_EKF_MHE/build/cassie_exp -- -j12 -l12
[21.255s] DEBUG:colcon.colcon_core.event_handler.log_command:Invoking command in '/home/jkang/vo_ws/Decentralized_EKF_MHE/build/cassie_exp': CMAKE_PREFIX_PATH=${CMAKE_PREFIX_PATH}:/home/jkang/vo_ws/mhe_vio/install/image_read:/opt/ros/galactic /home/jkang/cmake-install/bin/cmake --install /home/jkang/vo_ws/Decentralized_EKF_MHE/build/cassie_exp
[21.275s] Level 1:colcon.colcon_core.environment:create_environment_scripts_only(cassie_exp)
[21.276s] DEBUG:colcon.colcon_core.event_handler.log_command:Invoked command in '/home/jkang/vo_ws/Decentralized_EKF_MHE/build/cassie_exp' returned '0': CMAKE_PREFIX_PATH=${CMAKE_PREFIX_PATH}:/home/jkang/vo_ws/mhe_vio/install/image_read:/opt/ros/galactic /home/jkang/cmake-install/bin/cmake --install /home/jkang/vo_ws/Decentralized_EKF_MHE/build/cassie_exp
[21.380s] Level 1:colcon.colcon_core.environment:checking '/home/jkang/vo_ws/Decentralized_EKF_MHE/install/cassie_exp' for CMake module files
[21.380s] Level 1:colcon.colcon_core.environment:checking '/home/jkang/vo_ws/Decentralized_EKF_MHE/install/cassie_exp' for CMake config files
[21.381s] Level 1:colcon.colcon_core.shell:create_environment_hook('cassie_exp', 'cmake_prefix_path')
[21.438s] INFO:colcon.colcon_core.shell:Creating environment hook '/home/jkang/vo_ws/Decentralized_EKF_MHE/install/cassie_exp/share/cassie_exp/hook/cmake_prefix_path.ps1'
[21.439s] INFO:colcon.colcon_core.shell:Creating environment descriptor '/home/jkang/vo_ws/Decentralized_EKF_MHE/install/cassie_exp/share/cassie_exp/hook/cmake_prefix_path.dsv'
[21.439s] INFO:colcon.colcon_core.shell:Creating environment hook '/home/jkang/vo_ws/Decentralized_EKF_MHE/install/cassie_exp/share/cassie_exp/hook/cmake_prefix_path.sh'
[21.440s] Level 1:colcon.colcon_core.environment:checking '/home/jkang/vo_ws/Decentralized_EKF_MHE/install/cassie_exp/lib'
[21.440s] Level 1:colcon.colcon_core.environment:checking '/home/jkang/vo_ws/Decentralized_EKF_MHE/install/cassie_exp/bin'
[21.441s] Level 1:colcon.colcon_core.environment:checking '/home/jkang/vo_ws/Decentralized_EKF_MHE/install/cassie_exp/lib/pkgconfig/cassie_exp.pc'
[21.441s] Level 1:colcon.colcon_core.environment:checking '/home/jkang/vo_ws/Decentralized_EKF_MHE/install/cassie_exp/lib/python3.8/site-packages'
[21.441s] Level 1:colcon.colcon_core.environment:checking '/home/jkang/vo_ws/Decentralized_EKF_MHE/install/cassie_exp/bin'
[21.527s] INFO:colcon.colcon_core.shell:Creating package script '/home/jkang/vo_ws/Decentralized_EKF_MHE/install/cassie_exp/share/cassie_exp/package.ps1'
[21.528s] INFO:colcon.colcon_core.shell:Creating package descriptor '/home/jkang/vo_ws/Decentralized_EKF_MHE/install/cassie_exp/share/cassie_exp/package.dsv'
[21.529s] INFO:colcon.colcon_core.shell:Creating package script '/home/jkang/vo_ws/Decentralized_EKF_MHE/install/cassie_exp/share/cassie_exp/package.sh'
[21.530s] INFO:colcon.colcon_core.shell:Creating package script '/home/jkang/vo_ws/Decentralized_EKF_MHE/install/cassie_exp/share/cassie_exp/package.bash'
[21.531s] INFO:colcon.colcon_core.shell:Creating package script '/home/jkang/vo_ws/Decentralized_EKF_MHE/install/cassie_exp/share/cassie_exp/package.zsh'
[21.532s] Level 1:colcon.colcon_core.environment:create_file_with_runtime_dependencies(/home/jkang/vo_ws/Decentralized_EKF_MHE/install/cassie_exp/share/colcon-core/packages/cassie_exp)
[21.627s] Level 1:colcon.colcon_core.environment:create_environment_scripts_only(cassie_exp)
[21.725s] Level 1:colcon.colcon_core.environment:checking '/home/jkang/vo_ws/Decentralized_EKF_MHE/install/cassie_exp' for CMake module files
[21.725s] Level 1:colcon.colcon_core.environment:checking '/home/jkang/vo_ws/Decentralized_EKF_MHE/install/cassie_exp' for CMake config files
[21.726s] Level 1:colcon.colcon_core.shell:create_environment_hook('cassie_exp', 'cmake_prefix_path')
[21.820s] INFO:colcon.colcon_core.shell:Creating environment hook '/home/jkang/vo_ws/Decentralized_EKF_MHE/install/cassie_exp/share/cassie_exp/hook/cmake_prefix_path.ps1'
[21.821s] INFO:colcon.colcon_core.shell:Creating environment descriptor '/home/jkang/vo_ws/Decentralized_EKF_MHE/install/cassie_exp/share/cassie_exp/hook/cmake_prefix_path.dsv'
[21.822s] INFO:colcon.colcon_core.shell:Creating environment hook '/home/jkang/vo_ws/Decentralized_EKF_MHE/install/cassie_exp/share/cassie_exp/hook/cmake_prefix_path.sh'
[21.822s] Level 1:colcon.colcon_core.environment:checking '/home/jkang/vo_ws/Decentralized_EKF_MHE/install/cassie_exp/lib'
[21.823s] Level 1:colcon.colcon_core.environment:checking '/home/jkang/vo_ws/Decentralized_EKF_MHE/install/cassie_exp/bin'
[21.823s] Level 1:colcon.colcon_core.environment:checking '/home/jkang/vo_ws/Decentralized_EKF_MHE/install/cassie_exp/lib/pkgconfig/cassie_exp.pc'
[21.823s] Level 1:colcon.colcon_core.environment:checking '/home/jkang/vo_ws/Decentralized_EKF_MHE/install/cassie_exp/lib/python3.8/site-packages'
[21.823s] Level 1:colcon.colcon_core.environment:checking '/home/jkang/vo_ws/Decentralized_EKF_MHE/install/cassie_exp/bin'
[21.920s] INFO:colcon.colcon_core.shell:Creating package script '/home/jkang/vo_ws/Decentralized_EKF_MHE/install/cassie_exp/share/cassie_exp/package.ps1'
[21.921s] INFO:colcon.colcon_core.shell:Creating package descriptor '/home/jkang/vo_ws/Decentralized_EKF_MHE/install/cassie_exp/share/cassie_exp/package.dsv'
[21.921s] INFO:colcon.colcon_core.shell:Creating package script '/home/jkang/vo_ws/Decentralized_EKF_MHE/install/cassie_exp/share/cassie_exp/package.sh'
[21.922s] INFO:colcon.colcon_core.shell:Creating package script '/home/jkang/vo_ws/Decentralized_EKF_MHE/install/cassie_exp/share/cassie_exp/package.bash'
[21.923s] INFO:colcon.colcon_core.shell:Creating package script '/home/jkang/vo_ws/Decentralized_EKF_MHE/install/cassie_exp/share/cassie_exp/package.zsh'
[21.923s] Level 1:colcon.colcon_core.environment:create_file_with_runtime_dependencies(/home/jkang/vo_ws/Decentralized_EKF_MHE/install/cassie_exp/share/colcon-core/packages/cassie_exp)
[21.924s] DEBUG:colcon.colcon_parallel_executor.executor.parallel:closing loop
[21.924s] DEBUG:colcon.colcon_parallel_executor.executor.parallel:loop closed
[21.925s] DEBUG:colcon.colcon_parallel_executor.executor.parallel:run_until_complete finished with '0'
[21.925s] DEBUG:colcon.colcon_core.event_reactor:joining thread
[22.020s] INFO:colcon.colcon_core.plugin_system:Skipping extension 'colcon_notification.desktop_notification.terminal_notifier': Not used on non-Darwin systems
[22.020s] INFO:colcon.colcon_core.plugin_system:Skipping extension 'colcon_notification.desktop_notification.win32': Not used on non-Windows systems
[22.020s] INFO:colcon.colcon_notification.desktop_notification:Sending desktop notification using 'notify2'
[22.055s] DEBUG:colcon.colcon_core.event_reactor:joined thread
[22.175s] INFO:colcon.colcon_core.shell:Creating prefix script '/home/jkang/vo_ws/Decentralized_EKF_MHE/install/local_setup.ps1'
[22.176s] INFO:colcon.colcon_core.shell:Creating prefix util module '/home/jkang/vo_ws/Decentralized_EKF_MHE/install/_local_setup_util_ps1.py'
[22.178s] INFO:colcon.colcon_core.shell:Creating prefix chain script '/home/jkang/vo_ws/Decentralized_EKF_MHE/install/setup.ps1'
[22.271s] INFO:colcon.colcon_core.shell:Creating prefix script '/home/jkang/vo_ws/Decentralized_EKF_MHE/install/local_setup.sh'
[22.272s] INFO:colcon.colcon_core.shell:Creating prefix util module '/home/jkang/vo_ws/Decentralized_EKF_MHE/install/_local_setup_util_sh.py'
[22.273s] INFO:colcon.colcon_core.shell:Creating prefix chain script '/home/jkang/vo_ws/Decentralized_EKF_MHE/install/setup.sh'
[22.359s] INFO:colcon.colcon_core.shell:Creating prefix script '/home/jkang/vo_ws/Decentralized_EKF_MHE/install/local_setup.bash'
[22.360s] INFO:colcon.colcon_core.shell:Creating prefix chain script '/home/jkang/vo_ws/Decentralized_EKF_MHE/install/setup.bash'
[22.446s] INFO:colcon.colcon_core.shell:Creating prefix script '/home/jkang/vo_ws/Decentralized_EKF_MHE/install/local_setup.zsh'
[22.446s] INFO:colcon.colcon_core.shell:Creating prefix chain script '/home/jkang/vo_ws/Decentralized_EKF_MHE/install/setup.zsh'
