[6.670s] DEBUG:colcon:Command line arguments: ['/usr/bin/colcon', 'list', '-p', '--base-paths', '/home/jkang/vo_ws/Decentralized_EKF_MHE']
[6.670s] DEBUG:colcon:Parsed command line arguments: Namespace(allow_overriding=[], base_paths=['/home/jkang/vo_ws/Decentralized_EKF_MHE'], build_base='build', ignore_user_meta=False, log_base=None, log_level=None, main=<bound method ListVerb.main of <colcon_package_information.verb.list.ListVerb object at 0x7fbb0a9f80d0>>, metas=['./colcon.meta'], names_only=False, packages_above=None, packages_above_and_dependencies=None, packages_above_depth=None, packages_end=None, packages_ignore=None, packages_ignore_regex=None, packages_select=None, packages_select_build_failed=False, packages_select_by_dep=None, packages_select_regex=None, packages_select_test_failures=False, packages_skip=None, packages_skip_build_finished=False, packages_skip_by_dep=None, packages_skip_regex=None, packages_skip_test_passed=False, packages_skip_up_to=None, packages_start=None, packages_up_to=None, packages_up_to_regex=None, paths=None, paths_only=True, topological_graph=False, topological_graph_density=False, topological_graph_dot=False, topological_graph_dot_cluster=False, topological_graph_dot_include_skipped=False, topological_graph_legend=False, topological_order=False, verb_extension=<colcon_package_information.verb.list.ListVerb object at 0x7fbb0a9f80d0>, verb_name='list', verb_parser=<colcon_defaults.argument_parser.defaults.DefaultArgumentsDecorator object at 0x7fbb0a9e78e0>)
[6.870s] Level 1:colcon.colcon_core.package_discovery:discover_packages(colcon_meta) check parameters
[6.870s] Level 1:colcon.colcon_core.package_discovery:discover_packages(recursive) check parameters
[6.870s] Level 1:colcon.colcon_core.package_discovery:discover_packages(ignore) check parameters
[6.870s] Level 1:colcon.colcon_core.package_discovery:discover_packages(path) check parameters
[6.870s] Level 1:colcon.colcon_core.package_discovery:discover_packages(recursive) discover
[6.870s] INFO:colcon.colcon_core.package_discovery:Crawling recursively for packages in '/home/jkang/vo_ws/Decentralized_EKF_MHE'
[6.870s] Level 1:colcon.colcon_core.package_identification:_identify(/home/jkang/vo_ws/Decentralized_EKF_MHE) by extensions ['ignore', 'ignore_ament_install']
[6.871s] Level 1:colcon.colcon_core.package_identification:_identify(/home/jkang/vo_ws/Decentralized_EKF_MHE) by extension 'ignore'
[6.871s] Level 1:colcon.colcon_core.package_identification:_identify(/home/jkang/vo_ws/Decentralized_EKF_MHE) by extension 'ignore_ament_install'
[6.871s] Level 1:colcon.colcon_core.package_identification:_identify(/home/jkang/vo_ws/Decentralized_EKF_MHE) by extensions ['colcon_pkg']
[6.871s] Level 1:colcon.colcon_core.package_identification:_identify(/home/jkang/vo_ws/Decentralized_EKF_MHE) by extension 'colcon_pkg'
[6.871s] Level 1:colcon.colcon_core.package_identification:_identify(/home/jkang/vo_ws/Decentralized_EKF_MHE) by extensions ['colcon_meta']
[6.871s] Level 1:colcon.colcon_core.package_identification:_identify(/home/jkang/vo_ws/Decentralized_EKF_MHE) by extension 'colcon_meta'
[6.871s] Level 1:colcon.colcon_core.package_identification:_identify(/home/jkang/vo_ws/Decentralized_EKF_MHE) by extensions ['ros']
[6.871s] Level 1:colcon.colcon_core.package_identification:_identify(/home/jkang/vo_ws/Decentralized_EKF_MHE) by extension 'ros'
[6.886s] Level 1:colcon.colcon_core.package_identification:_identify(/home/jkang/vo_ws/Decentralized_EKF_MHE) by extensions ['cmake', 'python']
[6.886s] Level 1:colcon.colcon_core.package_identification:_identify(/home/jkang/vo_ws/Decentralized_EKF_MHE) by extension 'cmake'
[6.886s] Level 1:colcon.colcon_core.package_identification:_identify(/home/jkang/vo_ws/Decentralized_EKF_MHE) by extension 'python'
[6.886s] Level 1:colcon.colcon_core.package_identification:_identify(/home/jkang/vo_ws/Decentralized_EKF_MHE) by extensions ['python_setup_py']
[6.886s] Level 1:colcon.colcon_core.package_identification:_identify(/home/jkang/vo_ws/Decentralized_EKF_MHE) by extension 'python_setup_py'
[6.886s] Level 1:colcon.colcon_core.package_identification:_identify(/home/jkang/vo_ws/Decentralized_EKF_MHE/build) by extensions ['ignore', 'ignore_ament_install']
[6.886s] Level 1:colcon.colcon_core.package_identification:_identify(/home/jkang/vo_ws/Decentralized_EKF_MHE/build) by extension 'ignore'
[6.886s] Level 1:colcon.colcon_core.package_identification:_identify(/home/jkang/vo_ws/Decentralized_EKF_MHE/build) ignored
[6.887s] Level 1:colcon.colcon_core.package_identification:_identify(/home/jkang/vo_ws/Decentralized_EKF_MHE/install) by extensions ['ignore', 'ignore_ament_install']
[6.887s] Level 1:colcon.colcon_core.package_identification:_identify(/home/jkang/vo_ws/Decentralized_EKF_MHE/install) by extension 'ignore'
[6.887s] Level 1:colcon.colcon_core.package_identification:_identify(/home/jkang/vo_ws/Decentralized_EKF_MHE/install) ignored
[6.887s] Level 1:colcon.colcon_core.package_identification:_identify(/home/jkang/vo_ws/Decentralized_EKF_MHE/log) by extensions ['ignore', 'ignore_ament_install']
[6.887s] Level 1:colcon.colcon_core.package_identification:_identify(/home/jkang/vo_ws/Decentralized_EKF_MHE/log) by extension 'ignore'
[6.887s] Level 1:colcon.colcon_core.package_identification:_identify(/home/jkang/vo_ws/Decentralized_EKF_MHE/log) ignored
[6.887s] Level 1:colcon.colcon_core.package_identification:_identify(/home/jkang/vo_ws/Decentralized_EKF_MHE/src) by extensions ['ignore', 'ignore_ament_install']
[6.887s] Level 1:colcon.colcon_core.package_identification:_identify(/home/jkang/vo_ws/Decentralized_EKF_MHE/src) by extension 'ignore'
[6.887s] Level 1:colcon.colcon_core.package_identification:_identify(/home/jkang/vo_ws/Decentralized_EKF_MHE/src) by extension 'ignore_ament_install'
[6.888s] Level 1:colcon.colcon_core.package_identification:_identify(/home/jkang/vo_ws/Decentralized_EKF_MHE/src) by extensions ['colcon_pkg']
[6.888s] Level 1:colcon.colcon_core.package_identification:_identify(/home/jkang/vo_ws/Decentralized_EKF_MHE/src) by extension 'colcon_pkg'
[6.888s] Level 1:colcon.colcon_core.package_identification:_identify(/home/jkang/vo_ws/Decentralized_EKF_MHE/src) by extensions ['colcon_meta']
[6.888s] Level 1:colcon.colcon_core.package_identification:_identify(/home/jkang/vo_ws/Decentralized_EKF_MHE/src) by extension 'colcon_meta'
[6.888s] Level 1:colcon.colcon_core.package_identification:_identify(/home/jkang/vo_ws/Decentralized_EKF_MHE/src) by extensions ['ros']
[6.888s] Level 1:colcon.colcon_core.package_identification:_identify(/home/jkang/vo_ws/Decentralized_EKF_MHE/src) by extension 'ros'
[6.888s] Level 1:colcon.colcon_core.package_identification:_identify(/home/jkang/vo_ws/Decentralized_EKF_MHE/src) by extensions ['cmake', 'python']
[6.888s] Level 1:colcon.colcon_core.package_identification:_identify(/home/jkang/vo_ws/Decentralized_EKF_MHE/src) by extension 'cmake'
[6.888s] Level 1:colcon.colcon_core.package_identification:_identify(/home/jkang/vo_ws/Decentralized_EKF_MHE/src) by extension 'python'
[6.888s] Level 1:colcon.colcon_core.package_identification:_identify(/home/jkang/vo_ws/Decentralized_EKF_MHE/src) by extensions ['python_setup_py']
[6.888s] Level 1:colcon.colcon_core.package_identification:_identify(/home/jkang/vo_ws/Decentralized_EKF_MHE/src) by extension 'python_setup_py'
[6.888s] Level 1:colcon.colcon_core.package_identification:_identify(/home/jkang/vo_ws/Decentralized_EKF_MHE/src/cassie_exp) by extensions ['ignore', 'ignore_ament_install']
[6.889s] Level 1:colcon.colcon_core.package_identification:_identify(/home/jkang/vo_ws/Decentralized_EKF_MHE/src/cassie_exp) by extension 'ignore'
[6.889s] Level 1:colcon.colcon_core.package_identification:_identify(/home/jkang/vo_ws/Decentralized_EKF_MHE/src/cassie_exp) by extension 'ignore_ament_install'
[6.889s] Level 1:colcon.colcon_core.package_identification:_identify(/home/jkang/vo_ws/Decentralized_EKF_MHE/src/cassie_exp) by extensions ['colcon_pkg']
[6.889s] Level 1:colcon.colcon_core.package_identification:_identify(/home/jkang/vo_ws/Decentralized_EKF_MHE/src/cassie_exp) by extension 'colcon_pkg'
[6.889s] Level 1:colcon.colcon_core.package_identification:_identify(/home/jkang/vo_ws/Decentralized_EKF_MHE/src/cassie_exp) by extensions ['colcon_meta']
[6.889s] Level 1:colcon.colcon_core.package_identification:_identify(/home/jkang/vo_ws/Decentralized_EKF_MHE/src/cassie_exp) by extension 'colcon_meta'
[6.889s] Level 1:colcon.colcon_core.package_identification:_identify(/home/jkang/vo_ws/Decentralized_EKF_MHE/src/cassie_exp) by extensions ['ros']
[6.889s] Level 1:colcon.colcon_core.package_identification:_identify(/home/jkang/vo_ws/Decentralized_EKF_MHE/src/cassie_exp) by extension 'ros'
[6.892s] DEBUG:colcon.colcon_core.package_identification:Package '/home/jkang/vo_ws/Decentralized_EKF_MHE/src/cassie_exp' with type 'ros.ament_cmake' and name 'cassie_exp'
[6.892s] Level 1:colcon.colcon_core.package_discovery:discover_packages(recursive) using defaults
