[33mCMake Warning (dev) at /opt/ros/galactic/share/ament_cmake_core/cmake/core/python.cmake:22 (find_package):
  Policy CMP0148 is not set: The FindPythonInterp and FindPythonLibs modules
  are removed.  Run "cmake --help-policy CMP0148" for policy details.  Use
  the cmake_policy command to set the policy and suppress this warning.

Call Stack (most recent call first):
  /opt/ros/galactic/share/ament_cmake_core/cmake/core/all.cmake:53 (include)
  /opt/ros/galactic/share/ament_cmake_core/cmake/ament_cmake_core-extras.cmake:17 (include)
  /opt/ros/galactic/share/ament_cmake_core/cmake/ament_cmake_coreConfig.cmake:41 (include)
  /opt/ros/galactic/share/ament_cmake/cmake/ament_cmake_export_dependencies-extras.cmake:15 (find_package)
  /opt/ros/galactic/share/ament_cmake/cmake/ament_cmakeConfig.cmake:41 (include)
  CMakeLists.txt:10 (find_package)
This warning is for project developers.  Use -Wno-dev to suppress it.
[0m
[01m[K/home/jkang/vo_ws/Decentralized_EKF_MHE/src/cassie_exp/src/DecentralEst.cpp:[m[K In member function ‘[01m[Kvoid DecentralizedEstimation::InitializeMHE()[m[K’:
[01m[K/home/jkang/vo_ws/Decentralized_EKF_MHE/src/cassie_exp/src/DecentralEst.cpp:141:62:[m[K [01;35m[Kwarning: [m[K‘[01m[Kvoid OsqpEigen::Settings::setPrimalInfeasibilityTollerance(double)[m[K’ is deprecated: Use setPrimalInfeasibilityTolerance() instead. [[01;35m[K]8;;https://gcc.gnu.org/onlinedocs/gcc/Warning-Options.html#index-Wdeprecated-declarations-Wdeprecated-declarations]8;;[m[K]
  141 |    [01;35m[Kmhe_qp_.osqp.settings()->setPrimalInfeasibilityTollerance(params_ptr_->primTol_)[m[K;
      |    [01;35m[K~~~~~~~~~~~~~~~~~~~~~~~~~~~~~~~~~~~~~~~~~~~~~~~~~~~~~~~~~^~~~~~~~~~~~~~~~~~~~~~~[m[K

In file included from [01m[K/usr/local/include/OsqpEigen/OsqpEigen.h:12[m[K,
                 from [01m[K/home/jkang/vo_ws/Decentralized_EKF_MHE/src/cassie_exp/src/../include/../include/MheSrb.hpp:5[m[K,
                 from [01m[K/home/jkang/vo_ws/Decentralized_EKF_MHE/src/cassie_exp/src/../include/DecentralEst.hpp:5[m[K,
                 from [01m[K/home/jkang/vo_ws/Decentralized_EKF_MHE/src/cassie_exp/src/DecentralEst.cpp:1[m[K:
[01m[K/usr/local/include/OsqpEigen/Settings.hpp:117:5:[m[K [01;36m[Knote: [m[Kdeclared here
  117 |     [01;36m[KsetPrimalInfeasibilityTollerance[m[K(const double primalInfeasibilityTolerance);
      |     [01;36m[K^~~~~~~~~~~~~~~~~~~~~~~~~~~~~~~~[m[K
[01m[K/home/jkang/vo_ws/Decentralized_EKF_MHE/src/cassie_exp/src/DecentralEst.cpp:142:60:[m[K [01;35m[Kwarning: [m[K‘[01m[Kvoid OsqpEigen::Settings::setDualInfeasibilityTollerance(double)[m[K’ is deprecated: Use setDualInfeasibilityTolerance() instead. [[01;35m[K]8;;https://gcc.gnu.org/onlinedocs/gcc/Warning-Options.html#index-Wdeprecated-declarations-Wdeprecated-declarations]8;;[m[K]
  142 |     [01;35m[Kmhe_qp_.osqp.settings()->setDualInfeasibilityTollerance(params_ptr_->dualTol_)[m[K;
      |     [01;35m[K~~~~~~~~~~~~~~~~~~~~~~~~~~~~~~~~~~~~~~~~~~~~~~~~~~~~~~~^~~~~~~~~~~~~~~~~~~~~~~[m[K
In file included from [01m[K/usr/local/include/OsqpEigen/OsqpEigen.h:12[m[K,
                 from [01m[K/home/jkang/vo_ws/Decentralized_EKF_MHE/src/cassie_exp/src/../include/../include/MheSrb.hpp:5[m[K,
                 from [01m[K/home/jkang/vo_ws/Decentralized_EKF_MHE/src/cassie_exp/src/../include/DecentralEst.hpp:5[m[K,
                 from [01m[K/home/jkang/vo_ws/Decentralized_EKF_MHE/src/cassie_exp/src/DecentralEst.cpp:1[m[K:
[01m[K/usr/local/include/OsqpEigen/Settings.hpp:130:5:[m[K [01;36m[Knote: [m[Kdeclared here
  130 |     [01;36m[KsetDualInfeasibilityTollerance[m[K(const double dualInfeasibilityTolerance);
      |     [01;36m[K^~~~~~~~~~~~~~~~~~~~~~~~~~~~~~[m[K
