-- The C compiler identification is GNU 11.4.0
-- The CXX compiler identification is GNU 11.4.0
-- Detecting C compiler ABI info
-- Detecting C compiler ABI info - done
-- Check for working C compiler: /usr/bin/cc - skipped
-- Detecting C compile features
-- Detecting C compile features - done
-- Detecting CXX compiler ABI info
-- Detecting CXX compiler ABI info - done
-- Check for working CXX compiler: /usr/bin/c++ - skipped
-- Detecting CXX compile features
-- Detecting CXX compile features - done
-- Found ament_cmake: 1.1.6 (/opt/ros/galactic/share/ament_cmake/cmake)
[33mCMake Warning (dev) at /opt/ros/galactic/share/ament_cmake_core/cmake/core/python.cmake:22 (find_package):
  Policy CMP0148 is not set: The FindPythonInterp and FindPythonLibs modules
  are removed.  Run "cmake --help-policy CMP0148" for policy details.  Use
  the cmake_policy command to set the policy and suppress this warning.

Call Stack (most recent call first):
  /opt/ros/galactic/share/ament_cmake_core/cmake/core/all.cmake:53 (include)
  /opt/ros/galactic/share/ament_cmake_core/cmake/ament_cmake_core-extras.cmake:17 (include)
  /opt/ros/galactic/share/ament_cmake_core/cmake/ament_cmake_coreConfig.cmake:41 (include)
  /opt/ros/galactic/share/ament_cmake/cmake/ament_cmake_export_dependencies-extras.cmake:15 (find_package)
  /opt/ros/galactic/share/ament_cmake/cmake/ament_cmakeConfig.cmake:41 (include)
  CMakeLists.txt:10 (find_package)
This warning is for project developers.  Use -Wno-dev to suppress it.
[0m
-- Found PythonInterp: /usr/bin/python3 (found suitable version "3.8.10", minimum required is "3") 
-- Using PYTHON_EXECUTABLE: /usr/bin/python3
-- Found rclcpp: 9.2.2 (/opt/ros/galactic/share/rclcpp/cmake)
-- Using all available rosidl_typesupport_c: rosidl_typesupport_fastrtps_c;rosidl_typesupport_introspection_c
-- Found rosidl_adapter: 2.2.3 (/opt/ros/galactic/share/rosidl_adapter/cmake)
-- Found OpenSSL: /usr/lib/x86_64-linux-gnu/libcrypto.so (found version "1.1.1f")  
-- Found FastRTPS: /opt/ros/galactic/include  
-- Using all available rosidl_typesupport_cpp: rosidl_typesupport_fastrtps_cpp;rosidl_typesupport_introspection_cpp
-- Found rmw_implementation_cmake: 3.3.1 (/opt/ros/galactic/share/rmw_implementation_cmake/cmake)
-- Found rmw_cyclonedds_cpp: 0.22.6 (/opt/ros/galactic/share/rmw_cyclonedds_cpp/cmake)
-- Using RMW implementation 'rmw_cyclonedds_cpp' as default
-- Performing Test CMAKE_HAVE_LIBC_PTHREAD
-- Performing Test CMAKE_HAVE_LIBC_PTHREAD - Failed
-- Looking for pthread_create in pthreads
-- Looking for pthread_create in pthreads - not found
-- Looking for pthread_create in pthread
-- Looking for pthread_create in pthread - found
-- Found Threads: TRUE  
-- Found ament_lint_auto: 0.10.7 (/opt/ros/galactic/share/ament_lint_auto/cmake)
-- Added test 'copyright' to check source files copyright and LICENSE
-- Added test 'cppcheck' to perform static code analysis on C / C++ code
-- Configured cppcheck include dirs: /home/jkang/vo_ws/Decentralized_EKF_MHE/src/cassie_exp/include
-- Configured cppcheck exclude dirs and/or files: 
-- Added test 'cpplint' to check C / C++ code against the Google style
-- Configured cpplint exclude dirs and/or files: 
-- Added test 'flake8' to check Python code syntax and style conventions
-- Added test 'lint_cmake' to check CMake code style
-- Added test 'pep257' to check Python code against some of the style conventions in PEP 257
-- Added test 'uncrustify' to check C / C++ code style
-- Configured uncrustify additional arguments: 
-- Added test 'xmllint' to check XML markup files
-- Configuring done (1.3s)
-- Generating done (0.0s)
-- Build files have been written to: /home/jkang/vo_ws/Decentralized_EKF_MHE/build/cassie_exp
[ 12%] [32mBuilding CXX object CMakeFiles/MheSrb.dir/src/MheSrb.cpp.o[0m
[ 25%] [32m[1mLinking CXX static library libMheSrb.a[0m
[ 25%] Built target MheSrb
[ 37%] [32mBuilding CXX object CMakeFiles/DecentralEst.dir/src/DecentralEst.cpp.o[0m
[01m[K/home/jkang/vo_ws/Decentralized_EKF_MHE/src/cassie_exp/src/DecentralEst.cpp:[m[K In member function ‘[01m[Kvoid DecentralizedEstimation::InitializeMHE()[m[K’:
[01m[K/home/jkang/vo_ws/Decentralized_EKF_MHE/src/cassie_exp/src/DecentralEst.cpp:141:62:[m[K [01;35m[Kwarning: [m[K‘[01m[Kvoid OsqpEigen::Settings::setPrimalInfeasibilityTollerance(double)[m[K’ is deprecated: Use setPrimalInfeasibilityTolerance() instead. [[01;35m[K]8;;https://gcc.gnu.org/onlinedocs/gcc/Warning-Options.html#index-Wdeprecated-declarations-Wdeprecated-declarations]8;;[m[K]
  141 |    [01;35m[Kmhe_qp_.osqp.settings()->setPrimalInfeasibilityTollerance(params_ptr_->primTol_)[m[K;
      |    [01;35m[K~~~~~~~~~~~~~~~~~~~~~~~~~~~~~~~~~~~~~~~~~~~~~~~~~~~~~~~~~^~~~~~~~~~~~~~~~~~~~~~~[m[K

In file included from [01m[K/usr/local/include/OsqpEigen/OsqpEigen.h:12[m[K,
                 from [01m[K/home/jkang/vo_ws/Decentralized_EKF_MHE/src/cassie_exp/src/../include/../include/MheSrb.hpp:5[m[K,
                 from [01m[K/home/jkang/vo_ws/Decentralized_EKF_MHE/src/cassie_exp/src/../include/DecentralEst.hpp:5[m[K,
                 from [01m[K/home/jkang/vo_ws/Decentralized_EKF_MHE/src/cassie_exp/src/DecentralEst.cpp:1[m[K:
[01m[K/usr/local/include/OsqpEigen/Settings.hpp:117:5:[m[K [01;36m[Knote: [m[Kdeclared here
  117 |     [01;36m[KsetPrimalInfeasibilityTollerance[m[K(const double primalInfeasibilityTolerance);
      |     [01;36m[K^~~~~~~~~~~~~~~~~~~~~~~~~~~~~~~~[m[K
[01m[K/home/jkang/vo_ws/Decentralized_EKF_MHE/src/cassie_exp/src/DecentralEst.cpp:142:60:[m[K [01;35m[Kwarning: [m[K‘[01m[Kvoid OsqpEigen::Settings::setDualInfeasibilityTollerance(double)[m[K’ is deprecated: Use setDualInfeasibilityTolerance() instead. [[01;35m[K]8;;https://gcc.gnu.org/onlinedocs/gcc/Warning-Options.html#index-Wdeprecated-declarations-Wdeprecated-declarations]8;;[m[K]
  142 |     [01;35m[Kmhe_qp_.osqp.settings()->setDualInfeasibilityTollerance(params_ptr_->dualTol_)[m[K;
      |     [01;35m[K~~~~~~~~~~~~~~~~~~~~~~~~~~~~~~~~~~~~~~~~~~~~~~~~~~~~~~~^~~~~~~~~~~~~~~~~~~~~~~[m[K
In file included from [01m[K/usr/local/include/OsqpEigen/OsqpEigen.h:12[m[K,
                 from [01m[K/home/jkang/vo_ws/Decentralized_EKF_MHE/src/cassie_exp/src/../include/../include/MheSrb.hpp:5[m[K,
                 from [01m[K/home/jkang/vo_ws/Decentralized_EKF_MHE/src/cassie_exp/src/../include/DecentralEst.hpp:5[m[K,
                 from [01m[K/home/jkang/vo_ws/Decentralized_EKF_MHE/src/cassie_exp/src/DecentralEst.cpp:1[m[K:
[01m[K/usr/local/include/OsqpEigen/Settings.hpp:130:5:[m[K [01;36m[Knote: [m[Kdeclared here
  130 |     [01;36m[KsetDualInfeasibilityTollerance[m[K(const double dualInfeasibilityTolerance);
      |     [01;36m[K^~~~~~~~~~~~~~~~~~~~~~~~~~~~~~[m[K
[ 50%] [32m[1mLinking CXX static library libDecentralEst.a[0m
[ 50%] Built target DecentralEst
[ 62%] [32mBuilding CXX object CMakeFiles/EstSub.dir/src/EstSub.cpp.o[0m
[ 75%] [32m[1mLinking CXX static library libEstSub.a[0m
[ 75%] Built target EstSub
[ 87%] [32mBuilding CXX object CMakeFiles/sub.dir/src/EstSubNode.cpp.o[0m
[100%] [32m[1mLinking CXX executable sub[0m
[100%] Built target sub
-- Install configuration: "Release"
-- Installing: /home/jkang/vo_ws/Decentralized_EKF_MHE/install/cassie_exp/include
-- Installing: /home/jkang/vo_ws/Decentralized_EKF_MHE/install/cassie_exp/include/DecentralEst.hpp
-- Installing: /home/jkang/vo_ws/Decentralized_EKF_MHE/install/cassie_exp/include/data_logger.hpp
-- Installing: /home/jkang/vo_ws/Decentralized_EKF_MHE/install/cassie_exp/include/MheSrb.hpp
-- Installing: /home/jkang/vo_ws/Decentralized_EKF_MHE/install/cassie_exp/include/EigenUtils.hpp
-- Installing: /home/jkang/vo_ws/Decentralized_EKF_MHE/install/cassie_exp/include/EstSub.hpp
-- Installing: /home/jkang/vo_ws/Decentralized_EKF_MHE/install/cassie_exp/lib/cassie_exp/sub
-- Set non-toolchain portion of runtime path of "/home/jkang/vo_ws/Decentralized_EKF_MHE/install/cassie_exp/lib/cassie_exp/sub" to ""
-- Installing: /home/jkang/vo_ws/Decentralized_EKF_MHE/install/cassie_exp/share/ament_index/resource_index/package_run_dependencies/cassie_exp
-- Installing: /home/jkang/vo_ws/Decentralized_EKF_MHE/install/cassie_exp/share/ament_index/resource_index/parent_prefix_path/cassie_exp
-- Installing: /home/jkang/vo_ws/Decentralized_EKF_MHE/install/cassie_exp/share/cassie_exp/environment/ament_prefix_path.sh
-- Installing: /home/jkang/vo_ws/Decentralized_EKF_MHE/install/cassie_exp/share/cassie_exp/environment/ament_prefix_path.dsv
-- Installing: /home/jkang/vo_ws/Decentralized_EKF_MHE/install/cassie_exp/share/cassie_exp/environment/path.sh
-- Installing: /home/jkang/vo_ws/Decentralized_EKF_MHE/install/cassie_exp/share/cassie_exp/environment/path.dsv
-- Installing: /home/jkang/vo_ws/Decentralized_EKF_MHE/install/cassie_exp/share/cassie_exp/local_setup.bash
-- Installing: /home/jkang/vo_ws/Decentralized_EKF_MHE/install/cassie_exp/share/cassie_exp/local_setup.sh
-- Installing: /home/jkang/vo_ws/Decentralized_EKF_MHE/install/cassie_exp/share/cassie_exp/local_setup.zsh
-- Installing: /home/jkang/vo_ws/Decentralized_EKF_MHE/install/cassie_exp/share/cassie_exp/local_setup.dsv
-- Installing: /home/jkang/vo_ws/Decentralized_EKF_MHE/install/cassie_exp/share/cassie_exp/package.dsv
-- Installing: /home/jkang/vo_ws/Decentralized_EKF_MHE/install/cassie_exp/share/ament_index/resource_index/packages/cassie_exp
-- Installing: /home/jkang/vo_ws/Decentralized_EKF_MHE/install/cassie_exp/share/cassie_exp/cmake/cassie_expConfig.cmake
-- Installing: /home/jkang/vo_ws/Decentralized_EKF_MHE/install/cassie_exp/share/cassie_exp/cmake/cassie_expConfig-version.cmake
-- Installing: /home/jkang/vo_ws/Decentralized_EKF_MHE/install/cassie_exp/share/cassie_exp/package.xml
