[0.347s] Invoking command in '/home/jkang/vo_ws/Decentralized_EKF_MHE/build/cassie_exp': CMAKE_PREFIX_PATH=${CMAKE_PREFIX_PATH}:/home/jkang/vo_ws/mhe_vio/install/image_read:/opt/ros/galactic /home/jkang/cmake-install/bin/cmake /home/jkang/vo_ws/Decentralized_EKF_MHE/src/cassie_exp -DCMAKE_BUILD_TYPE=Release -DCMAKE_INSTALL_PREFIX=/home/jkang/vo_ws/Decentralized_EKF_MHE/install/cassie_exp
[0.403s] -- The C compiler identification is GNU 11.4.0
[0.475s] -- The CXX compiler identification is GNU 11.4.0
[0.490s] -- Detecting C compiler ABI info
[0.569s] -- Detecting C compiler ABI info - done
[0.585s] -- Check for working C compiler: /usr/bin/cc - skipped
[0.586s] -- Detecting C compile features
[0.586s] -- Detecting C compile features - done
[0.597s] -- Detecting CXX compiler ABI info
[0.697s] -- Detecting CXX compiler ABI info - done
[0.711s] -- Check for working CXX compiler: /usr/bin/c++ - skipped
[0.712s] -- Detecting CXX compile features
[0.713s] -- Detecting CXX compile features - done
[0.719s] -- Found ament_cmake: 1.1.6 (/opt/ros/galactic/share/ament_cmake/cmake)
[0.730s] [33mCMake Warning (dev) at /opt/ros/galactic/share/ament_cmake_core/cmake/core/python.cmake:22 (find_package):
[0.730s]   Policy CMP0148 is not set: The FindPythonInterp and FindPythonLibs modules
[0.730s]   are removed.  Run "cmake --help-policy CMP0148" for policy details.  Use
[0.730s]   the cmake_policy command to set the policy and suppress this warning.
[0.731s] 
[0.731s] Call Stack (most recent call first):
[0.731s]   /opt/ros/galactic/share/ament_cmake_core/cmake/core/all.cmake:53 (include)
[0.731s]   /opt/ros/galactic/share/ament_cmake_core/cmake/ament_cmake_core-extras.cmake:17 (include)
[0.731s]   /opt/ros/galactic/share/ament_cmake_core/cmake/ament_cmake_coreConfig.cmake:41 (include)
[0.731s]   /opt/ros/galactic/share/ament_cmake/cmake/ament_cmake_export_dependencies-extras.cmake:15 (find_package)
[0.731s]   /opt/ros/galactic/share/ament_cmake/cmake/ament_cmakeConfig.cmake:41 (include)
[0.731s]   CMakeLists.txt:10 (find_package)
[0.731s] This warning is for project developers.  Use -Wno-dev to suppress it.
[0.731s] [0m
[0.761s] -- Found PythonInterp: /usr/bin/python3 (found suitable version "3.8.10", minimum required is "3") 
[0.761s] -- Using PYTHON_EXECUTABLE: /usr/bin/python3
[0.899s] -- Found rclcpp: 9.2.2 (/opt/ros/galactic/share/rclcpp/cmake)
[0.970s] -- Using all available rosidl_typesupport_c: rosidl_typesupport_fastrtps_c;rosidl_typesupport_introspection_c
[0.980s] -- Found rosidl_adapter: 2.2.3 (/opt/ros/galactic/share/rosidl_adapter/cmake)
[1.059s] -- Found OpenSSL: /usr/lib/x86_64-linux-gnu/libcrypto.so (found version "1.1.1f")  
[1.080s] -- Found FastRTPS: /opt/ros/galactic/include  
[1.139s] -- Using all available rosidl_typesupport_cpp: rosidl_typesupport_fastrtps_cpp;rosidl_typesupport_introspection_cpp
[1.202s] -- Found rmw_implementation_cmake: 3.3.1 (/opt/ros/galactic/share/rmw_implementation_cmake/cmake)
[1.206s] -- Found rmw_cyclonedds_cpp: 0.22.6 (/opt/ros/galactic/share/rmw_cyclonedds_cpp/cmake)
[1.224s] -- Using RMW implementation 'rmw_cyclonedds_cpp' as default
[1.224s] -- Performing Test CMAKE_HAVE_LIBC_PTHREAD
[1.279s] -- Performing Test CMAKE_HAVE_LIBC_PTHREAD - Failed
[1.279s] -- Looking for pthread_create in pthreads
[1.336s] -- Looking for pthread_create in pthreads - not found
[1.337s] -- Looking for pthread_create in pthread
[1.419s] -- Looking for pthread_create in pthread - found
[1.421s] -- Found Threads: TRUE  
[1.586s] -- Found ament_lint_auto: 0.10.7 (/opt/ros/galactic/share/ament_lint_auto/cmake)
[1.671s] -- Added test 'copyright' to check source files copyright and LICENSE
[1.673s] -- Added test 'cppcheck' to perform static code analysis on C / C++ code
[1.674s] -- Configured cppcheck include dirs: /home/jkang/vo_ws/Decentralized_EKF_MHE/src/cassie_exp/include
[1.674s] -- Configured cppcheck exclude dirs and/or files: 
[1.675s] -- Added test 'cpplint' to check C / C++ code against the Google style
[1.675s] -- Configured cpplint exclude dirs and/or files: 
[1.676s] -- Added test 'flake8' to check Python code syntax and style conventions
[1.677s] -- Added test 'lint_cmake' to check CMake code style
[1.678s] -- Added test 'pep257' to check Python code against some of the style conventions in PEP 257
[1.679s] -- Added test 'uncrustify' to check C / C++ code style
[1.679s] -- Configured uncrustify additional arguments: 
[1.680s] -- Added test 'xmllint' to check XML markup files
[1.682s] -- Configuring done (1.3s)
[1.696s] -- Generating done (0.0s)
[1.697s] -- Build files have been written to: /home/jkang/vo_ws/Decentralized_EKF_MHE/build/cassie_exp
[1.704s] Invoked command in '/home/jkang/vo_ws/Decentralized_EKF_MHE/build/cassie_exp' returned '0': CMAKE_PREFIX_PATH=${CMAKE_PREFIX_PATH}:/home/jkang/vo_ws/mhe_vio/install/image_read:/opt/ros/galactic /home/jkang/cmake-install/bin/cmake /home/jkang/vo_ws/Decentralized_EKF_MHE/src/cassie_exp -DCMAKE_BUILD_TYPE=Release -DCMAKE_INSTALL_PREFIX=/home/jkang/vo_ws/Decentralized_EKF_MHE/install/cassie_exp
[1.707s] Invoking command in '/home/jkang/vo_ws/Decentralized_EKF_MHE/build/cassie_exp': CMAKE_PREFIX_PATH=${CMAKE_PREFIX_PATH}:/home/jkang/vo_ws/mhe_vio/install/image_read:/opt/ros/galactic /home/jkang/cmake-install/bin/cmake --build /home/jkang/vo_ws/Decentralized_EKF_MHE/build/cassie_exp -- -j12 -l12
[1.729s] [ 12%] [32mBuilding CXX object CMakeFiles/MheSrb.dir/src/MheSrb.cpp.o[0m
[11.243s] [ 25%] [32m[1mLinking CXX static library libMheSrb.a[0m
[11.265s] [ 25%] Built target MheSrb
[11.279s] [ 37%] [32mBuilding CXX object CMakeFiles/DecentralEst.dir/src/DecentralEst.cpp.o[0m
[12.936s] [01m[K/home/jkang/vo_ws/Decentralized_EKF_MHE/src/cassie_exp/src/DecentralEst.cpp:[m[K In member function ‘[01m[Kvoid DecentralizedEstimation::InitializeMHE()[m[K’:
[12.936s] [01m[K/home/jkang/vo_ws/Decentralized_EKF_MHE/src/cassie_exp/src/DecentralEst.cpp:141:62:[m[K [01;35m[Kwarning: [m[K‘[01m[Kvoid OsqpEigen::Settings::setPrimalInfeasibilityTollerance(double)[m[K’ is deprecated: Use setPrimalInfeasibilityTolerance() instead. [[01;35m[K]8;;https://gcc.gnu.org/onlinedocs/gcc/Warning-Options.html#index-Wdeprecated-declarations-Wdeprecated-declarations]8;;[m[K]
[12.936s]   141 |    [01;35m[Kmhe_qp_.osqp.settings()->setPrimalInfeasibilityTollerance(params_ptr_->primTol_)[m[K;
[12.936s]       |    [01;35m[K~~~~~~~~~~~~~~~~~~~~~~~~~~~~~~~~~~~~~~~~~~~~~~~~~~~~~~~~~^~~~~~~~~~~~~~~~~~~~~~~[m[K
[12.936s] 
[12.936s] In file included from [01m[K/usr/local/include/OsqpEigen/OsqpEigen.h:12[m[K,
[12.936s]                  from [01m[K/home/jkang/vo_ws/Decentralized_EKF_MHE/src/cassie_exp/src/../include/../include/MheSrb.hpp:5[m[K,
[12.936s]                  from [01m[K/home/jkang/vo_ws/Decentralized_EKF_MHE/src/cassie_exp/src/../include/DecentralEst.hpp:5[m[K,
[12.937s]                  from [01m[K/home/jkang/vo_ws/Decentralized_EKF_MHE/src/cassie_exp/src/DecentralEst.cpp:1[m[K:
[12.937s] [01m[K/usr/local/include/OsqpEigen/Settings.hpp:117:5:[m[K [01;36m[Knote: [m[Kdeclared here
[12.937s]   117 |     [01;36m[KsetPrimalInfeasibilityTollerance[m[K(const double primalInfeasibilityTolerance);
[12.937s]       |     [01;36m[K^~~~~~~~~~~~~~~~~~~~~~~~~~~~~~~~[m[K
[12.937s] [01m[K/home/jkang/vo_ws/Decentralized_EKF_MHE/src/cassie_exp/src/DecentralEst.cpp:142:60:[m[K [01;35m[Kwarning: [m[K‘[01m[Kvoid OsqpEigen::Settings::setDualInfeasibilityTollerance(double)[m[K’ is deprecated: Use setDualInfeasibilityTolerance() instead. [[01;35m[K]8;;https://gcc.gnu.org/onlinedocs/gcc/Warning-Options.html#index-Wdeprecated-declarations-Wdeprecated-declarations]8;;[m[K]
[12.937s]   142 |     [01;35m[Kmhe_qp_.osqp.settings()->setDualInfeasibilityTollerance(params_ptr_->dualTol_)[m[K;
[12.937s]       |     [01;35m[K~~~~~~~~~~~~~~~~~~~~~~~~~~~~~~~~~~~~~~~~~~~~~~~~~~~~~~~^~~~~~~~~~~~~~~~~~~~~~~[m[K
[12.937s] In file included from [01m[K/usr/local/include/OsqpEigen/OsqpEigen.h:12[m[K,
[12.937s]                  from [01m[K/home/jkang/vo_ws/Decentralized_EKF_MHE/src/cassie_exp/src/../include/../include/MheSrb.hpp:5[m[K,
[12.937s]                  from [01m[K/home/jkang/vo_ws/Decentralized_EKF_MHE/src/cassie_exp/src/../include/DecentralEst.hpp:5[m[K,
[12.937s]                  from [01m[K/home/jkang/vo_ws/Decentralized_EKF_MHE/src/cassie_exp/src/DecentralEst.cpp:1[m[K:
[12.938s] [01m[K/usr/local/include/OsqpEigen/Settings.hpp:130:5:[m[K [01;36m[Knote: [m[Kdeclared here
[12.938s]   130 |     [01;36m[KsetDualInfeasibilityTollerance[m[K(const double dualInfeasibilityTolerance);
[12.938s]       |     [01;36m[K^~~~~~~~~~~~~~~~~~~~~~~~~~~~~~[m[K
[22.789s] [ 50%] [32m[1mLinking CXX static library libDecentralEst.a[0m
[22.809s] [ 50%] Built target DecentralEst
[22.822s] [ 62%] [32mBuilding CXX object CMakeFiles/EstSub.dir/src/EstSub.cpp.o[0m
[36.850s] [ 75%] [32m[1mLinking CXX static library libEstSub.a[0m
[36.878s] [ 75%] Built target EstSub
[36.892s] [ 87%] [32mBuilding CXX object CMakeFiles/sub.dir/src/EstSubNode.cpp.o[0m
[41.945s] [100%] [32m[1mLinking CXX executable sub[0m
[42.107s] [100%] Built target sub
[42.119s] Invoked command in '/home/jkang/vo_ws/Decentralized_EKF_MHE/build/cassie_exp' returned '0': CMAKE_PREFIX_PATH=${CMAKE_PREFIX_PATH}:/home/jkang/vo_ws/mhe_vio/install/image_read:/opt/ros/galactic /home/jkang/cmake-install/bin/cmake --build /home/jkang/vo_ws/Decentralized_EKF_MHE/build/cassie_exp -- -j12 -l12
[42.168s] Invoking command in '/home/jkang/vo_ws/Decentralized_EKF_MHE/build/cassie_exp': CMAKE_PREFIX_PATH=${CMAKE_PREFIX_PATH}:/home/jkang/vo_ws/mhe_vio/install/image_read:/opt/ros/galactic /home/jkang/cmake-install/bin/cmake --install /home/jkang/vo_ws/Decentralized_EKF_MHE/build/cassie_exp
[42.172s] -- Install configuration: "Release"
[42.173s] -- Installing: /home/jkang/vo_ws/Decentralized_EKF_MHE/install/cassie_exp/include
[42.173s] -- Installing: /home/jkang/vo_ws/Decentralized_EKF_MHE/install/cassie_exp/include/DecentralEst.hpp
[42.173s] -- Installing: /home/jkang/vo_ws/Decentralized_EKF_MHE/install/cassie_exp/include/data_logger.hpp
[42.174s] -- Installing: /home/jkang/vo_ws/Decentralized_EKF_MHE/install/cassie_exp/include/MheSrb.hpp
[42.174s] -- Installing: /home/jkang/vo_ws/Decentralized_EKF_MHE/install/cassie_exp/include/EigenUtils.hpp
[42.174s] -- Installing: /home/jkang/vo_ws/Decentralized_EKF_MHE/install/cassie_exp/include/EstSub.hpp
[42.174s] -- Installing: /home/jkang/vo_ws/Decentralized_EKF_MHE/install/cassie_exp/lib/cassie_exp/sub
[42.175s] -- Set non-toolchain portion of runtime path of "/home/jkang/vo_ws/Decentralized_EKF_MHE/install/cassie_exp/lib/cassie_exp/sub" to ""
[42.176s] -- Installing: /home/jkang/vo_ws/Decentralized_EKF_MHE/install/cassie_exp/share/ament_index/resource_index/package_run_dependencies/cassie_exp
[42.176s] -- Installing: /home/jkang/vo_ws/Decentralized_EKF_MHE/install/cassie_exp/share/ament_index/resource_index/parent_prefix_path/cassie_exp
[42.177s] -- Installing: /home/jkang/vo_ws/Decentralized_EKF_MHE/install/cassie_exp/share/cassie_exp/environment/ament_prefix_path.sh
[42.177s] -- Installing: /home/jkang/vo_ws/Decentralized_EKF_MHE/install/cassie_exp/share/cassie_exp/environment/ament_prefix_path.dsv
[42.177s] -- Installing: /home/jkang/vo_ws/Decentralized_EKF_MHE/install/cassie_exp/share/cassie_exp/environment/path.sh
[42.177s] -- Installing: /home/jkang/vo_ws/Decentralized_EKF_MHE/install/cassie_exp/share/cassie_exp/environment/path.dsv
[42.178s] -- Installing: /home/jkang/vo_ws/Decentralized_EKF_MHE/install/cassie_exp/share/cassie_exp/local_setup.bash
[42.178s] -- Installing: /home/jkang/vo_ws/Decentralized_EKF_MHE/install/cassie_exp/share/cassie_exp/local_setup.sh
[42.178s] -- Installing: /home/jkang/vo_ws/Decentralized_EKF_MHE/install/cassie_exp/share/cassie_exp/local_setup.zsh
[42.178s] -- Installing: /home/jkang/vo_ws/Decentralized_EKF_MHE/install/cassie_exp/share/cassie_exp/local_setup.dsv
[42.178s] -- Installing: /home/jkang/vo_ws/Decentralized_EKF_MHE/install/cassie_exp/share/cassie_exp/package.dsv
[42.178s] -- Installing: /home/jkang/vo_ws/Decentralized_EKF_MHE/install/cassie_exp/share/ament_index/resource_index/packages/cassie_exp
[42.179s] -- Installing: /home/jkang/vo_ws/Decentralized_EKF_MHE/install/cassie_exp/share/cassie_exp/cmake/cassie_expConfig.cmake
[42.179s] -- Installing: /home/jkang/vo_ws/Decentralized_EKF_MHE/install/cassie_exp/share/cassie_exp/cmake/cassie_expConfig-version.cmake
[42.179s] -- Installing: /home/jkang/vo_ws/Decentralized_EKF_MHE/install/cassie_exp/share/cassie_exp/package.xml
[42.182s] Invoked command in '/home/jkang/vo_ws/Decentralized_EKF_MHE/build/cassie_exp' returned '0': CMAKE_PREFIX_PATH=${CMAKE_PREFIX_PATH}:/home/jkang/vo_ws/mhe_vio/install/image_read:/opt/ros/galactic /home/jkang/cmake-install/bin/cmake --install /home/jkang/vo_ws/Decentralized_EKF_MHE/build/cassie_exp
