[4.942s] DEBUG:colcon:Command line arguments: ['/usr/bin/colcon', 'build', '--cmake-args', '-DCMAKE_BUILD_TYPE=Release']
[4.942s] DEBUG:colcon:Parsed command line arguments: Namespace(allow_overriding=[], ament_cmake_args=None, base_paths=['.'], build_base='build', catkin_cmake_args=None, catkin_skip_building_tests=False, cmake_args=['-DCMAKE_BUILD_TYPE=Release'], cmake_clean_cache=False, cmake_clean_first=False, cmake_force_configure=False, cmake_target=None, cmake_target_skip_unavailable=False, continue_on_error=False, event_handlers=None, executor='parallel', ignore_user_meta=False, install_base='install', log_base=None, log_level=None, main=<bound method BuildVerb.main of <colcon_core.verb.build.BuildVerb object at 0x7f0a926271c0>>, merge_install=False, metas=['./colcon.meta'], packages_above=None, packages_above_and_dependencies=None, packages_above_depth=None, packages_end=None, packages_ignore=None, packages_ignore_regex=None, packages_select=None, packages_select_build_failed=False, packages_select_by_dep=None, packages_select_regex=None, packages_select_test_failures=False, packages_skip=None, packages_skip_build_finished=False, packages_skip_by_dep=None, packages_skip_regex=None, packages_skip_test_passed=False, packages_skip_up_to=None, packages_start=None, packages_up_to=None, packages_up_to_regex=None, parallel_workers=12, paths=None, symlink_install=False, test_result_base=None, verb_extension=<colcon_core.verb.build.BuildVerb object at 0x7f0a926271c0>, verb_name='build', verb_parser=<colcon_defaults.argument_parser.defaults.DefaultArgumentsDecorator object at 0x7f0a92685370>)
[5.137s] Level 1:colcon.colcon_core.package_discovery:discover_packages(colcon_meta) check parameters
[5.137s] Level 1:colcon.colcon_core.package_discovery:discover_packages(recursive) check parameters
[5.137s] Level 1:colcon.colcon_core.package_discovery:discover_packages(ignore) check parameters
[5.137s] Level 1:colcon.colcon_core.package_discovery:discover_packages(path) check parameters
[5.137s] Level 1:colcon.colcon_core.package_discovery:discover_packages(colcon_meta) discover
[5.137s] Level 1:colcon.colcon_core.package_discovery:discover_packages(recursive) discover
[5.137s] INFO:colcon.colcon_core.package_discovery:Crawling recursively for packages in '/home/jkang/vo_ws/Decentralized_EKF_MHE'
[5.137s] Level 1:colcon.colcon_core.package_identification:_identify(.) by extensions ['ignore', 'ignore_ament_install']
[5.137s] Level 1:colcon.colcon_core.package_identification:_identify(.) by extension 'ignore'
[5.137s] Level 1:colcon.colcon_core.package_identification:_identify(.) by extension 'ignore_ament_install'
[5.137s] Level 1:colcon.colcon_core.package_identification:_identify(.) by extensions ['colcon_pkg']
[5.137s] Level 1:colcon.colcon_core.package_identification:_identify(.) by extension 'colcon_pkg'
[5.137s] Level 1:colcon.colcon_core.package_identification:_identify(.) by extensions ['colcon_meta']
[5.138s] Level 1:colcon.colcon_core.package_identification:_identify(.) by extension 'colcon_meta'
[5.138s] Level 1:colcon.colcon_core.package_identification:_identify(.) by extensions ['ros']
[5.138s] Level 1:colcon.colcon_core.package_identification:_identify(.) by extension 'ros'
[5.152s] Level 1:colcon.colcon_core.package_identification:_identify(.) by extensions ['cmake', 'python']
[5.152s] Level 1:colcon.colcon_core.package_identification:_identify(.) by extension 'cmake'
[5.152s] Level 1:colcon.colcon_core.package_identification:_identify(.) by extension 'python'
[5.152s] Level 1:colcon.colcon_core.package_identification:_identify(.) by extensions ['python_setup_py']
[5.152s] Level 1:colcon.colcon_core.package_identification:_identify(.) by extension 'python_setup_py'
[5.152s] Level 1:colcon.colcon_core.package_identification:_identify(build) by extensions ['ignore', 'ignore_ament_install']
[5.152s] Level 1:colcon.colcon_core.package_identification:_identify(build) by extension 'ignore'
[5.152s] Level 1:colcon.colcon_core.package_identification:_identify(build) ignored
[5.152s] Level 1:colcon.colcon_core.package_identification:_identify(install) by extensions ['ignore', 'ignore_ament_install']
[5.152s] Level 1:colcon.colcon_core.package_identification:_identify(install) by extension 'ignore'
[5.153s] Level 1:colcon.colcon_core.package_identification:_identify(install) ignored
[5.153s] Level 1:colcon.colcon_core.package_identification:_identify(log) by extensions ['ignore', 'ignore_ament_install']
[5.153s] Level 1:colcon.colcon_core.package_identification:_identify(log) by extension 'ignore'
[5.153s] Level 1:colcon.colcon_core.package_identification:_identify(log) ignored
[5.153s] Level 1:colcon.colcon_core.package_identification:_identify(src) by extensions ['ignore', 'ignore_ament_install']
[5.153s] Level 1:colcon.colcon_core.package_identification:_identify(src) by extension 'ignore'
[5.153s] Level 1:colcon.colcon_core.package_identification:_identify(src) by extension 'ignore_ament_install'
[5.153s] Level 1:colcon.colcon_core.package_identification:_identify(src) by extensions ['colcon_pkg']
[5.153s] Level 1:colcon.colcon_core.package_identification:_identify(src) by extension 'colcon_pkg'
[5.153s] Level 1:colcon.colcon_core.package_identification:_identify(src) by extensions ['colcon_meta']
[5.153s] Level 1:colcon.colcon_core.package_identification:_identify(src) by extension 'colcon_meta'
[5.153s] Level 1:colcon.colcon_core.package_identification:_identify(src) by extensions ['ros']
[5.153s] Level 1:colcon.colcon_core.package_identification:_identify(src) by extension 'ros'
[5.154s] Level 1:colcon.colcon_core.package_identification:_identify(src) by extensions ['cmake', 'python']
[5.154s] Level 1:colcon.colcon_core.package_identification:_identify(src) by extension 'cmake'
[5.154s] Level 1:colcon.colcon_core.package_identification:_identify(src) by extension 'python'
[5.154s] Level 1:colcon.colcon_core.package_identification:_identify(src) by extensions ['python_setup_py']
[5.154s] Level 1:colcon.colcon_core.package_identification:_identify(src) by extension 'python_setup_py'
[5.154s] Level 1:colcon.colcon_core.package_identification:_identify(src/cassie_exp) by extensions ['ignore', 'ignore_ament_install']
[5.154s] Level 1:colcon.colcon_core.package_identification:_identify(src/cassie_exp) by extension 'ignore'
[5.154s] Level 1:colcon.colcon_core.package_identification:_identify(src/cassie_exp) by extension 'ignore_ament_install'
[5.154s] Level 1:colcon.colcon_core.package_identification:_identify(src/cassie_exp) by extensions ['colcon_pkg']
[5.154s] Level 1:colcon.colcon_core.package_identification:_identify(src/cassie_exp) by extension 'colcon_pkg'
[5.154s] Level 1:colcon.colcon_core.package_identification:_identify(src/cassie_exp) by extensions ['colcon_meta']
[5.154s] Level 1:colcon.colcon_core.package_identification:_identify(src/cassie_exp) by extension 'colcon_meta'
[5.154s] Level 1:colcon.colcon_core.package_identification:_identify(src/cassie_exp) by extensions ['ros']
[5.154s] Level 1:colcon.colcon_core.package_identification:_identify(src/cassie_exp) by extension 'ros'
[5.168s] DEBUG:colcon.colcon_core.package_identification:Package 'src/cassie_exp' with type 'ros.ament_cmake' and name 'cassie_exp'
[5.168s] Level 1:colcon.colcon_core.package_discovery:discover_packages(recursive) using defaults
[5.168s] Level 1:colcon.colcon_core.package_discovery:discover_packages(ignore) discover
[5.168s] Level 1:colcon.colcon_core.package_discovery:discover_packages(ignore) using defaults
[5.168s] Level 1:colcon.colcon_core.package_discovery:discover_packages(path) discover
[5.168s] Level 1:colcon.colcon_core.package_discovery:discover_packages(path) using defaults
[5.599s] Level 1:colcon.colcon_core.package_discovery:discover_packages(prefix_path) check parameters
[5.599s] Level 1:colcon.colcon_core.package_discovery:discover_packages(prefix_path) discover
[5.762s] DEBUG:colcon.colcon_installed_package_information.package_discovery:Found 12 installed packages in /home/jkang/vo_ws/mhe_vio/install
[5.843s] DEBUG:colcon.colcon_installed_package_information.package_discovery:Found 294 installed packages in /opt/ros/galactic
[5.844s] Level 1:colcon.colcon_core.package_discovery:discover_packages(prefix_path) using defaults
[6.191s] Level 5:colcon.colcon_core.verb:set package 'cassie_exp' build argument 'cmake_args' from command line to '['-DCMAKE_BUILD_TYPE=Release']'
[6.191s] Level 5:colcon.colcon_core.verb:set package 'cassie_exp' build argument 'cmake_target' from command line to 'None'
[6.191s] Level 5:colcon.colcon_core.verb:set package 'cassie_exp' build argument 'cmake_target_skip_unavailable' from command line to 'False'
[6.191s] Level 5:colcon.colcon_core.verb:set package 'cassie_exp' build argument 'cmake_clean_cache' from command line to 'False'
[6.191s] Level 5:colcon.colcon_core.verb:set package 'cassie_exp' build argument 'cmake_clean_first' from command line to 'False'
[6.191s] Level 5:colcon.colcon_core.verb:set package 'cassie_exp' build argument 'cmake_force_configure' from command line to 'False'
[6.191s] Level 5:colcon.colcon_core.verb:set package 'cassie_exp' build argument 'ament_cmake_args' from command line to 'None'
[6.191s] Level 5:colcon.colcon_core.verb:set package 'cassie_exp' build argument 'catkin_cmake_args' from command line to 'None'
[6.191s] Level 5:colcon.colcon_core.verb:set package 'cassie_exp' build argument 'catkin_skip_building_tests' from command line to 'False'
[6.192s] DEBUG:colcon.colcon_core.verb:Building package 'cassie_exp' with the following arguments: {'ament_cmake_args': None, 'build_base': '/home/jkang/vo_ws/Decentralized_EKF_MHE/build/cassie_exp', 'catkin_cmake_args': None, 'catkin_skip_building_tests': False, 'cmake_args': ['-DCMAKE_BUILD_TYPE=Release'], 'cmake_clean_cache': False, 'cmake_clean_first': False, 'cmake_force_configure': False, 'cmake_target': None, 'cmake_target_skip_unavailable': False, 'install_base': '/home/jkang/vo_ws/Decentralized_EKF_MHE/install/cassie_exp', 'merge_install': False, 'path': '/home/jkang/vo_ws/Decentralized_EKF_MHE/src/cassie_exp', 'symlink_install': False, 'test_result_base': None}
[6.269s] INFO:colcon.colcon_core.executor:Executing jobs using 'parallel' executor
[6.350s] DEBUG:colcon.colcon_parallel_executor.executor.parallel:run_until_complete
[6.350s] INFO:colcon.colcon_ros.task.ament_cmake.build:Building ROS package in '/home/jkang/vo_ws/Decentralized_EKF_MHE/src/cassie_exp' with build type 'ament_cmake'
[6.350s] INFO:colcon.colcon_cmake.task.cmake.build:Building CMake package in '/home/jkang/vo_ws/Decentralized_EKF_MHE/src/cassie_exp'
[6.435s] INFO:colcon.colcon_core.plugin_system:Skipping extension 'colcon_core.shell.bat': Not used on non-Windows systems
[6.435s] INFO:colcon.colcon_core.shell:Skip shell extension 'powershell' for command environment: Not usable outside of PowerShell
[6.435s] DEBUG:colcon.colcon_core.shell:Skip shell extension 'dsv' for command environment
[6.698s] DEBUG:colcon.colcon_core.event_handler.log_command:Invoking command in '/home/jkang/vo_ws/Decentralized_EKF_MHE/build/cassie_exp': CMAKE_PREFIX_PATH=${CMAKE_PREFIX_PATH}:/home/jkang/vo_ws/mhe_vio/install/image_read:/opt/ros/galactic /home/jkang/cmake-install/bin/cmake /home/jkang/vo_ws/Decentralized_EKF_MHE/src/cassie_exp -DCMAKE_BUILD_TYPE=Release -DCMAKE_INSTALL_PREFIX=/home/jkang/vo_ws/Decentralized_EKF_MHE/install/cassie_exp
[8.055s] DEBUG:colcon.colcon_core.event_handler.log_command:Invoked command in '/home/jkang/vo_ws/Decentralized_EKF_MHE/build/cassie_exp' returned '0': CMAKE_PREFIX_PATH=${CMAKE_PREFIX_PATH}:/home/jkang/vo_ws/mhe_vio/install/image_read:/opt/ros/galactic /home/jkang/cmake-install/bin/cmake /home/jkang/vo_ws/Decentralized_EKF_MHE/src/cassie_exp -DCMAKE_BUILD_TYPE=Release -DCMAKE_INSTALL_PREFIX=/home/jkang/vo_ws/Decentralized_EKF_MHE/install/cassie_exp
[8.058s] DEBUG:colcon.colcon_core.event_handler.log_command:Invoking command in '/home/jkang/vo_ws/Decentralized_EKF_MHE/build/cassie_exp': CMAKE_PREFIX_PATH=${CMAKE_PREFIX_PATH}:/home/jkang/vo_ws/mhe_vio/install/image_read:/opt/ros/galactic /home/jkang/cmake-install/bin/cmake --build /home/jkang/vo_ws/Decentralized_EKF_MHE/build/cassie_exp -- -j12 -l12
[48.470s] DEBUG:colcon.colcon_core.event_handler.log_command:Invoked command in '/home/jkang/vo_ws/Decentralized_EKF_MHE/build/cassie_exp' returned '0': CMAKE_PREFIX_PATH=${CMAKE_PREFIX_PATH}:/home/jkang/vo_ws/mhe_vio/install/image_read:/opt/ros/galactic /home/jkang/cmake-install/bin/cmake --build /home/jkang/vo_ws/Decentralized_EKF_MHE/build/cassie_exp -- -j12 -l12
[48.519s] DEBUG:colcon.colcon_core.event_handler.log_command:Invoking command in '/home/jkang/vo_ws/Decentralized_EKF_MHE/build/cassie_exp': CMAKE_PREFIX_PATH=${CMAKE_PREFIX_PATH}:/home/jkang/vo_ws/mhe_vio/install/image_read:/opt/ros/galactic /home/jkang/cmake-install/bin/cmake --install /home/jkang/vo_ws/Decentralized_EKF_MHE/build/cassie_exp
[48.532s] Level 1:colcon.colcon_core.environment:create_environment_scripts_only(cassie_exp)
[48.533s] DEBUG:colcon.colcon_core.event_handler.log_command:Invoked command in '/home/jkang/vo_ws/Decentralized_EKF_MHE/build/cassie_exp' returned '0': CMAKE_PREFIX_PATH=${CMAKE_PREFIX_PATH}:/home/jkang/vo_ws/mhe_vio/install/image_read:/opt/ros/galactic /home/jkang/cmake-install/bin/cmake --install /home/jkang/vo_ws/Decentralized_EKF_MHE/build/cassie_exp
[48.624s] Level 1:colcon.colcon_core.environment:checking '/home/jkang/vo_ws/Decentralized_EKF_MHE/install/cassie_exp' for CMake module files
[48.624s] Level 1:colcon.colcon_core.environment:checking '/home/jkang/vo_ws/Decentralized_EKF_MHE/install/cassie_exp' for CMake config files
[48.625s] Level 1:colcon.colcon_core.shell:create_environment_hook('cassie_exp', 'cmake_prefix_path')
[48.706s] INFO:colcon.colcon_core.shell:Creating environment hook '/home/jkang/vo_ws/Decentralized_EKF_MHE/install/cassie_exp/share/cassie_exp/hook/cmake_prefix_path.ps1'
[48.706s] INFO:colcon.colcon_core.shell:Creating environment descriptor '/home/jkang/vo_ws/Decentralized_EKF_MHE/install/cassie_exp/share/cassie_exp/hook/cmake_prefix_path.dsv'
[48.707s] INFO:colcon.colcon_core.shell:Creating environment hook '/home/jkang/vo_ws/Decentralized_EKF_MHE/install/cassie_exp/share/cassie_exp/hook/cmake_prefix_path.sh'
[48.708s] Level 1:colcon.colcon_core.environment:checking '/home/jkang/vo_ws/Decentralized_EKF_MHE/install/cassie_exp/lib'
[48.708s] Level 1:colcon.colcon_core.environment:checking '/home/jkang/vo_ws/Decentralized_EKF_MHE/install/cassie_exp/bin'
[48.708s] Level 1:colcon.colcon_core.environment:checking '/home/jkang/vo_ws/Decentralized_EKF_MHE/install/cassie_exp/lib/pkgconfig/cassie_exp.pc'
[48.709s] Level 1:colcon.colcon_core.environment:checking '/home/jkang/vo_ws/Decentralized_EKF_MHE/install/cassie_exp/lib/python3.8/site-packages'
[48.709s] Level 1:colcon.colcon_core.environment:checking '/home/jkang/vo_ws/Decentralized_EKF_MHE/install/cassie_exp/bin'
[48.790s] INFO:colcon.colcon_core.shell:Creating package script '/home/jkang/vo_ws/Decentralized_EKF_MHE/install/cassie_exp/share/cassie_exp/package.ps1'
[48.791s] INFO:colcon.colcon_core.shell:Creating package descriptor '/home/jkang/vo_ws/Decentralized_EKF_MHE/install/cassie_exp/share/cassie_exp/package.dsv'
[48.792s] INFO:colcon.colcon_core.shell:Creating package script '/home/jkang/vo_ws/Decentralized_EKF_MHE/install/cassie_exp/share/cassie_exp/package.sh'
[48.793s] INFO:colcon.colcon_core.shell:Creating package script '/home/jkang/vo_ws/Decentralized_EKF_MHE/install/cassie_exp/share/cassie_exp/package.bash'
[48.793s] INFO:colcon.colcon_core.shell:Creating package script '/home/jkang/vo_ws/Decentralized_EKF_MHE/install/cassie_exp/share/cassie_exp/package.zsh'
[48.794s] Level 1:colcon.colcon_core.environment:create_file_with_runtime_dependencies(/home/jkang/vo_ws/Decentralized_EKF_MHE/install/cassie_exp/share/colcon-core/packages/cassie_exp)
[48.916s] Level 1:colcon.colcon_core.environment:create_environment_scripts_only(cassie_exp)
[48.998s] Level 1:colcon.colcon_core.environment:checking '/home/jkang/vo_ws/Decentralized_EKF_MHE/install/cassie_exp' for CMake module files
[48.998s] Level 1:colcon.colcon_core.environment:checking '/home/jkang/vo_ws/Decentralized_EKF_MHE/install/cassie_exp' for CMake config files
[48.999s] Level 1:colcon.colcon_core.shell:create_environment_hook('cassie_exp', 'cmake_prefix_path')
[49.081s] INFO:colcon.colcon_core.shell:Creating environment hook '/home/jkang/vo_ws/Decentralized_EKF_MHE/install/cassie_exp/share/cassie_exp/hook/cmake_prefix_path.ps1'
[49.081s] INFO:colcon.colcon_core.shell:Creating environment descriptor '/home/jkang/vo_ws/Decentralized_EKF_MHE/install/cassie_exp/share/cassie_exp/hook/cmake_prefix_path.dsv'
[49.082s] INFO:colcon.colcon_core.shell:Creating environment hook '/home/jkang/vo_ws/Decentralized_EKF_MHE/install/cassie_exp/share/cassie_exp/hook/cmake_prefix_path.sh'
[49.082s] Level 1:colcon.colcon_core.environment:checking '/home/jkang/vo_ws/Decentralized_EKF_MHE/install/cassie_exp/lib'
[49.082s] Level 1:colcon.colcon_core.environment:checking '/home/jkang/vo_ws/Decentralized_EKF_MHE/install/cassie_exp/bin'
[49.082s] Level 1:colcon.colcon_core.environment:checking '/home/jkang/vo_ws/Decentralized_EKF_MHE/install/cassie_exp/lib/pkgconfig/cassie_exp.pc'
[49.083s] Level 1:colcon.colcon_core.environment:checking '/home/jkang/vo_ws/Decentralized_EKF_MHE/install/cassie_exp/lib/python3.8/site-packages'
[49.083s] Level 1:colcon.colcon_core.environment:checking '/home/jkang/vo_ws/Decentralized_EKF_MHE/install/cassie_exp/bin'
[49.165s] INFO:colcon.colcon_core.shell:Creating package script '/home/jkang/vo_ws/Decentralized_EKF_MHE/install/cassie_exp/share/cassie_exp/package.ps1'
[49.166s] INFO:colcon.colcon_core.shell:Creating package descriptor '/home/jkang/vo_ws/Decentralized_EKF_MHE/install/cassie_exp/share/cassie_exp/package.dsv'
[49.166s] INFO:colcon.colcon_core.shell:Creating package script '/home/jkang/vo_ws/Decentralized_EKF_MHE/install/cassie_exp/share/cassie_exp/package.sh'
[49.167s] INFO:colcon.colcon_core.shell:Creating package script '/home/jkang/vo_ws/Decentralized_EKF_MHE/install/cassie_exp/share/cassie_exp/package.bash'
[49.167s] INFO:colcon.colcon_core.shell:Creating package script '/home/jkang/vo_ws/Decentralized_EKF_MHE/install/cassie_exp/share/cassie_exp/package.zsh'
[49.168s] Level 1:colcon.colcon_core.environment:create_file_with_runtime_dependencies(/home/jkang/vo_ws/Decentralized_EKF_MHE/install/cassie_exp/share/colcon-core/packages/cassie_exp)
[49.168s] DEBUG:colcon.colcon_parallel_executor.executor.parallel:closing loop
[49.168s] DEBUG:colcon.colcon_parallel_executor.executor.parallel:loop closed
[49.169s] DEBUG:colcon.colcon_parallel_executor.executor.parallel:run_until_complete finished with '0'
[49.169s] DEBUG:colcon.colcon_core.event_reactor:joining thread
[49.259s] INFO:colcon.colcon_core.plugin_system:Skipping extension 'colcon_notification.desktop_notification.terminal_notifier': Not used on non-Darwin systems
[49.259s] INFO:colcon.colcon_core.plugin_system:Skipping extension 'colcon_notification.desktop_notification.win32': Not used on non-Windows systems
[49.259s] INFO:colcon.colcon_notification.desktop_notification:Sending desktop notification using 'notify2'
[49.297s] DEBUG:colcon.colcon_core.event_reactor:joined thread
[49.375s] INFO:colcon.colcon_core.shell:Creating prefix script '/home/jkang/vo_ws/Decentralized_EKF_MHE/install/local_setup.ps1'
[49.376s] INFO:colcon.colcon_core.shell:Creating prefix util module '/home/jkang/vo_ws/Decentralized_EKF_MHE/install/_local_setup_util_ps1.py'
[49.378s] INFO:colcon.colcon_core.shell:Creating prefix chain script '/home/jkang/vo_ws/Decentralized_EKF_MHE/install/setup.ps1'
[49.460s] INFO:colcon.colcon_core.shell:Creating prefix script '/home/jkang/vo_ws/Decentralized_EKF_MHE/install/local_setup.sh'
[49.461s] INFO:colcon.colcon_core.shell:Creating prefix util module '/home/jkang/vo_ws/Decentralized_EKF_MHE/install/_local_setup_util_sh.py'
[49.461s] INFO:colcon.colcon_core.shell:Creating prefix chain script '/home/jkang/vo_ws/Decentralized_EKF_MHE/install/setup.sh'
[49.557s] INFO:colcon.colcon_core.shell:Creating prefix script '/home/jkang/vo_ws/Decentralized_EKF_MHE/install/local_setup.bash'
[49.558s] INFO:colcon.colcon_core.shell:Creating prefix chain script '/home/jkang/vo_ws/Decentralized_EKF_MHE/install/setup.bash'
[49.640s] INFO:colcon.colcon_core.shell:Creating prefix script '/home/jkang/vo_ws/Decentralized_EKF_MHE/install/local_setup.zsh'
[49.640s] INFO:colcon.colcon_core.shell:Creating prefix chain script '/home/jkang/vo_ws/Decentralized_EKF_MHE/install/setup.zsh'
